#
# A fatal error has been detected by the Java Runtime Environment:
#
#  EXCEPTION_ACCESS_VIOLATION (0xc0000005) at pc=0x00007ffa8b88c857, pid=3220, tid=9312
#
# JRE version: OpenJDK Runtime Environment JBR-11.0.16.8-2043.64-dcevm (11.0.16+8) (build 11.0.16+8-b2043.64)
# Java VM: Dynamic Code Evolution 64-Bit Server VM JBR-11.0.16.8-2043.64-dcevm (11.0.16+8-b2043.64, mixed mode, tiered, compressed oops, g1 gc, windows-amd64)
# Problematic frame:
# C  [lwjgl_opengl.dll+0xc857]
#
# No core dump will be written. Minidumps are not enabled by default on client versions of Windows
#
# If you would like to submit a bug report, please visit:
#   https://bugreport.java.com/bugreport/crash.jsp
# The crash happened outside the Java Virtual Machine in native code.
# See problematic frame for where to report the bug.
#

---------------  S U M M A R Y ------------

Command Line: -agentlib:jdwp=transport=dt_socket,address=127.0.0.1:64605,suspend=y,server=n -javaagent:C:\Users\disd129108\AppData\Local\JetBrains\IdeaIC2025.2\captureAgent\debugger-agent.jar=file:///C:/Users/DISD12~2/AppData/Local/Temp/capture4940239040887023857.props -agentpath:C:\Users\disd129108\AppData\Local\Temp\idea_libasyncProfiler_dll_temp_folder\libasyncProfiler.dll=version,jfr,event=wall,interval=10ms,cstack=no,file=C:\Users\disd129108\IdeaSnapshots\Unnamed_2025_09_02_110039.jfr,dbghelppath=C:\Users\disd129108\AppData\Local\Temp\idea_dbghelp_dll_temp_folder\dbghelp.dll,log=C:\Users\disd129108\AppData\Local\Temp\Unnamed_2025_09_02_110039.jfr.log.txt,logLevel=DEBUG -Dkotlinx.coroutines.debug.enable.creation.stack.trace=false -Ddebugger.agent.enable.coroutines=true -Dkotlinx.coroutines.debug.enable.flows.stack.trace=true -Dkotlinx.coroutines.debug.enable.mutable.state.flows.stack.trace=true -Dfile.encoding=UTF-8 Start

Host: Intel(R) Core(TM) i7-14700F, 28 cores, 31G,  Windows 11 , 64 bit Build 26100 (10.0.26100.4768)
Time: Tue Sep  2 11:00:42 2025 Central Daylight Time elapsed time: 2.855816 seconds (0d 0h 0m 2s)

---------------  T H R E A D  ---------------

Current thread (0x0000022cff9f5000):  JavaThread "Client thread" [_thread_in_native, id=9312, stack(0x000000e62d300000,0x000000e62d400000)]

Stack: [0x000000e62d300000,0x000000e62d400000],  sp=0x000000e62d3ff1f8,  free space=1020k
Native frames: (J=compiled Java code, j=interpreted, Vv=VM code, C=native code)
C  [lwjgl_opengl.dll+0xc857]

Java frames: (J=compiled Java code, j=interpreted, Vv=VM code)
j  org.lwjgl.opengl.GL11C.nglGetString(I)J+0
j  org.lwjgl.opengl.GL11C.glGetString(I)Ljava/lang/String;+1
j  org.lwjgl.opengl.GL11.glGetString(I)Ljava/lang/String;+1
j  net.minecraft.client.Minecraft$7.call()Ljava/lang/String;+10
j  net.minecraft.client.Minecraft$7.call()Ljava/lang/Object;+1
j  net.minecraft.crash.CrashReportCategory.addCrashSectionCallable(Ljava/lang/String;Ljava/util/concurrent/Callable;)V+3
j  net.minecraft.client.Minecraft.addGraphicsAndWorldToCrashReport(Lnet/minecraft/crash/CrashReport;)Lnet/minecraft/crash/CrashReport;+51
j  net.minecraft.client.Minecraft.run()V+30
j  net.minecraft.client.main.Main.main([Ljava/lang/String;)V+1064
j  Start.main([Ljava/lang/String;)V+66
v  ~StubRoutines::call_stub

siginfo: EXCEPTION_ACCESS_VIOLATION (0xc0000005), reading address 0x0000000000000378


Register to memory mapping:

RIP=0x00007ffa8b88c857 lwjgl_opengl.dll
RAX=0x0000022cb05627c0 points into unknown readable memory: 0x0000000000000000 | 00 00 00 00 00 00 00 00
RBX={method} {0x0000022cb4ad9170} 'nglGetString' '(I)J' in 'org/lwjgl/opengl/GL11C'
RCX=0x0 is NULL
RDX=0x000000e62d3ff280 is pointing into the stack for thread: 0x0000022cff9f5000
RSP=0x000000e62d3ff1f8 is pointing into the stack for thread: 0x0000022cff9f5000
RBP=0x000000e62d3ff270 is pointing into the stack for thread: 0x0000022cff9f5000
RSI=0x0000000629b669a0 is an oop: [Ljava.lang.Object; 
{0x0000000629b669a0} - klass: 'java/lang/Object'[]
 - length: 10
RDI=
[error occurred during error reporting (printing register info), id 0xc0000005, EXCEPTION_ACCESS_VIOLATION (0xc0000005) at pc=0x00007ffa68aa51b6]

Registers:
RAX=0x0000022cb05627c0, RBX=0x0000022cb4ad9168, RCX=0x0000000000000000, RDX=0x000000e62d3ff280
RSP=0x000000e62d3ff1f8, RBP=0x000000e62d3ff270, RSI=0x0000000629b669a0, RDI=0x0000000629b88c38
R8 =0x0000000000001f01, R9 =0x0000022cfbb3f210, R10=0x0000022c80016493, R11=0x00000006298d8130
R12=0x0000000000000000, R13=0x0000022cb4ad9168, R14=0x000000e62d3ff290, R15=0x0000022cff9f5000
RIP=0x00007ffa8b88c857, EFLAGS=0x0000000000010202

Top of Stack: (sp=0x000000e62d3ff1f8)
0x000000e62d3ff1f8:   0000022c800164c2 0000022cb4ad9168
0x000000e62d3ff208:   000000e62d3ff270 0000000629b669a0
0x000000e62d3ff218:   00007ffa68c94b55 0000022c80015d96
0x000000e62d3ff228:   000000e62d3ff228 0000022cb4ad9168
0x000000e62d3ff238:   000000e62d3ff290 0000022cb4ae2aa8
0x000000e62d3ff248:   0000000000000000 00000006298d8130
0x000000e62d3ff258:   0000022cb4ad9168 0000000000000000
0x000000e62d3ff268:   000000e62d3ff290 000000e62d3ff2e0
0x000000e62d3ff278:   0000022c8000c2ce 00000006298d8130
0x000000e62d3ff288:   0000022c800113d7 0000000000001f01
0x000000e62d3ff298:   000000e62d3ff298 0000022cb4ad9219
0x000000e62d3ff2a8:   000000e62d3ff300 0000022cb4ae2aa8
0x000000e62d3ff2b8:   0000000000000000 00000006298d8130
0x000000e62d3ff2c8:   0000022cb4ad9258 000000e62d3ff290
0x000000e62d3ff2d8:   000000e62d3ff300 000000e62d3ff350
0x000000e62d3ff2e8:   0000022c8000cc10 0000000000000000 

Instructions: (pc=0x00007ffa8b88c857)
0x00007ffa8b88c757:   8b c8 4c 8b 50 18 49 ff a2 d8 02 00 00 cc cc cc
0x00007ffa8b88c767:   cc cc cc cc cc cc cc cc cc 48 8b 01 49 8b d1 41
0x00007ffa8b88c777:   8b c8 4c 8b 50 18 49 ff a2 e0 02 00 00 cc cc cc
0x00007ffa8b88c787:   cc cc cc cc cc cc cc cc cc 48 8b 01 49 8b d1 41
0x00007ffa8b88c797:   8b c8 4c 8b 50 18 49 ff a2 f0 02 00 00 cc cc cc
0x00007ffa8b88c7a7:   cc cc cc cc cc cc cc cc cc 48 8b 01 49 8b d1 41
0x00007ffa8b88c7b7:   8b c8 4c 8b 50 18 49 ff a2 f8 02 00 00 cc cc cc
0x00007ffa8b88c7c7:   cc cc cc cc cc cc cc cc cc 48 8b 01 49 8b d1 41
0x00007ffa8b88c7d7:   8b c8 4c 8b 50 18 49 ff a2 00 03 00 00 cc cc cc
0x00007ffa8b88c7e7:   cc cc cc cc cc cc cc cc cc 48 8b 01 49 8b d1 41
0x00007ffa8b88c7f7:   8b c8 4c 8b 50 18 49 ff a2 08 03 00 00 cc cc cc
0x00007ffa8b88c807:   cc cc cc cc cc cc cc cc cc 48 8b 01 48 8b 48 18
0x00007ffa8b88c817:   48 8b 81 10 03 00 00 48 ff e0 cc cc cc cc cc cc
0x00007ffa8b88c827:   cc cc cc cc cc cc cc cc cc 48 8b 01 49 8b d1 41
0x00007ffa8b88c837:   8b c8 4c 8b 50 18 49 ff a2 68 03 00 00 cc cc cc
0x00007ffa8b88c847:   cc cc cc cc cc cc cc cc cc 48 8b 01 48 8b 48 18
0x00007ffa8b88c857:   48 8b 81 78 03 00 00 41 8b c8 48 ff e0 cc cc cc
0x00007ffa8b88c867:   cc cc cc cc cc cc cc cc cc 40 53 48 8b 01 41 8b
0x00007ffa8b88c877:   d8 44 8b 44 24 30 41 8b d1 44 8b 4c 24 38 8b cb
0x00007ffa8b88c887:   4c 8b 50 18 48 8b 44 24 40 48 89 44 24 30 5b 49
0x00007ffa8b88c897:   ff a2 a8 03 00 00 cc cc cc 40 53 48 8b 01 41 8b
0x00007ffa8b88c8a7:   d8 44 8b 44 24 30 41 8b d1 4c 8b 4c 24 38 8b cb
0x00007ffa8b88c8b7:   4c 8b 50 18 5b 49 ff a2 b0 03 00 00 cc cc cc cc
0x00007ffa8b88c8c7:   cc cc cc cc cc cc cc cc cc 40 53 48 8b 01 41 8b
0x00007ffa8b88c8d7:   d8 44 8b 44 24 30 41 8b d1 4c 8b 4c 24 38 8b cb
0x00007ffa8b88c8e7:   4c 8b 50 18 5b 49 ff a2 b8 03 00 00 cc cc cc cc
0x00007ffa8b88c8f7:   cc cc cc cc cc cc cc cc cc 48 8b 01 45 8b d8 4c
0x00007ffa8b88c907:   8b 44 24 28 41 8b d1 41 8b cb 4c 8b 50 18 49 ff
0x00007ffa8b88c917:   a2 c0 03 00 00 cc cc cc cc 48 8b 01 45 8b d8 4c
0x00007ffa8b88c927:   8b 44 24 28 41 8b d1 41 8b cb 4c 8b 50 18 49 ff
0x00007ffa8b88c937:   a2 c8 03 00 00 cc cc cc cc 48 8b 01 41 8b d1 41
0x00007ffa8b88c947:   8b c8 4c 8b 50 18 49 ff a2 d0 03 00 00 cc cc cc 


Stack slot to memory mapping:
stack at sp + 0 slots: 0x0000022c800164c2 is at code_begin+2018 in an Interpreter codelet
method entry point (kind = native)  [0x0000022c80015ce0, 0x0000022c80016fe0]  4864 bytes
stack at sp + 1 slots: {method} {0x0000022cb4ad9170} 'nglGetString' '(I)J' in 'org/lwjgl/opengl/GL11C'
stack at sp + 2 slots: 0x000000e62d3ff270 is pointing into the stack for thread: 0x0000022cff9f5000
stack at sp + 3 slots: 0x0000000629b669a0 is an oop: [Ljava.lang.Object; 
{0x0000000629b669a0} - klass: 'java/lang/Object'[]
 - length: 10
stack at sp + 4 slots: 0x00007ffa68c94b55 jvm.dll
stack at sp + 5 slots: 0x0000022c80015d96 is at code_begin+182 in an Interpreter codelet
method entry point (kind = native)  [0x0000022c80015ce0, 0x0000022c80016fe0]  4864 bytes
stack at sp + 6 slots: 0x000000e62d3ff228 is pointing into the stack for thread: 0x0000022cff9f5000
stack at sp + 7 slots: {method} {0x0000022cb4ad9170} 'nglGetString' '(I)J' in 'org/lwjgl/opengl/GL11C'


---------------  P R O C E S S  ---------------

Threads class SMR info:
_java_thread_list=0x0000022ca84b2660, length=31, elements={
0x0000022cff9f5000, 0x0000022ca6bb5000, 0x0000022ca6bb6000, 0x0000022ca6c16000,
0x0000022ca6c16800, 0x0000022ca6c17800, 0x0000022ca6c18800, 0x0000022ca6c2e000,
0x0000022ca6c36800, 0x0000022ca761e800, 0x0000022ca769b800, 0x0000022ca76f3000,
0x0000022ca76fa000, 0x0000022ca77eb000, 0x0000022ca7864800, 0x0000022ca7865800,
0x0000022ca795b800, 0x0000022ca8533000, 0x0000022ca8b38000, 0x0000022ca9a70800,
0x0000022ca9bff000, 0x0000022ca9ea3000, 0x0000022caa17a800, 0x0000022caa373000,
0x0000022caa325000, 0x0000022cac45a000, 0x0000022cac459000, 0x0000022cae65a000,
0x0000022cb2c69000, 0x0000022cb2c69800, 0x0000022cb2c6d000
}

Java Threads: ( => current thread )
=>0x0000022cff9f5000 JavaThread "Client thread" [_thread_in_native, id=9312, stack(0x000000e62d300000,0x000000e62d400000)]
  0x0000022ca6bb5000 JavaThread "Reference Handler" daemon [_thread_blocked, id=20456, stack(0x000000e62da00000,0x000000e62db00000)]
  0x0000022ca6bb6000 JavaThread "Finalizer" daemon [_thread_blocked, id=9304, stack(0x000000e62db00000,0x000000e62dc00000)]
  0x0000022ca6c16000 JavaThread "Signal Dispatcher" daemon [_thread_blocked, id=5248, stack(0x000000e62dc00000,0x000000e62dd00000)]
  0x0000022ca6c16800 JavaThread "Attach Listener" daemon [_thread_blocked, id=4700, stack(0x000000e62dd00000,0x000000e62de00000)]
  0x0000022ca6c17800 JavaThread "Service Thread" daemon [_thread_blocked, id=2892, stack(0x000000e62de00000,0x000000e62df00000)]
  0x0000022ca6c18800 JavaThread "C2 CompilerThread0" daemon [_thread_blocked, id=15168, stack(0x000000e62df00000,0x000000e62e000000)]
  0x0000022ca6c2e000 JavaThread "C1 CompilerThread0" daemon [_thread_blocked, id=4236, stack(0x000000e62e000000,0x000000e62e100000)]
  0x0000022ca6c36800 JavaThread "Sweeper thread" daemon [_thread_blocked, id=18760, stack(0x000000e62e100000,0x000000e62e200000)]
  0x0000022ca761e800 JavaThread "Common-Cleaner" daemon [_thread_blocked, id=8888, stack(0x000000e62e200000,0x000000e62e300000)]
  0x0000022ca769b800 JavaThread "C1 CompilerThread1" daemon [_thread_blocked, id=11716, stack(0x000000e62e300000,0x000000e62e400000)]
  0x0000022ca76f3000 JavaThread "C2 CompilerThread1" daemon [_thread_blocked, id=11496, stack(0x000000e62e400000,0x000000e62e500000)]
  0x0000022ca76fa000 JavaThread "C2 CompilerThread2" daemon [_thread_blocked, id=916, stack(0x000000e62e500000,0x000000e62e600000)]
  0x0000022ca77eb000 JavaThread "JDWP Transport Listener: dt_socket" daemon [_thread_blocked, id=6332, stack(0x000000e62e600000,0x000000e62e700000)]
  0x0000022ca7864800 JavaThread "JDWP Event Helper Thread" daemon [_thread_blocked, id=17400, stack(0x000000e62e700000,0x000000e62e800000)]
  0x0000022ca7865800 JavaThread "JDWP Command Reader" daemon [_thread_in_native, id=14028, stack(0x000000e62e800000,0x000000e62e900000)]
  0x0000022ca795b800 JavaThread "IntelliJ Suspend Helper" daemon [_thread_blocked, id=22364, stack(0x000000e62e900000,0x000000e62ea00000)]
  0x0000022ca8533000 JavaThread "C1 CompilerThread2" daemon [_thread_blocked, id=21800, stack(0x000000e62f600000,0x000000e62f700000)]
  0x0000022ca8b38000 JavaThread "C1 CompilerThread3" daemon [_thread_blocked, id=10988, stack(0x000000e62f700000,0x000000e62f800000)]
  0x0000022ca9a70800 JavaThread "Snooper Timer" daemon [_thread_blocked, id=13680, stack(0x000000e62f800000,0x000000e62f900000)]
  0x0000022ca9bff000 JavaThread "Snooper Timer" daemon [_thread_blocked, id=13360, stack(0x000000e62f900000,0x000000e62fa00000)]
  0x0000022ca9ea3000 JavaThread "C2 CompilerThread3" daemon [_thread_blocked, id=22392, stack(0x000000e62fe00000,0x000000e62ff00000)]
  0x0000022caa17a800 JavaThread "C2 CompilerThread4" daemon [_thread_blocked, id=5188, stack(0x000000e62ff00000,0x000000e630000000)]
  0x0000022caa373000 JavaThread "C2 CompilerThread5" daemon [_thread_blocked, id=12808, stack(0x000000e630000000,0x000000e630100000)]
  0x0000022caa325000 JavaThread "C2 CompilerThread6" daemon [_thread_blocked, id=20192, stack(0x000000e630100000,0x000000e630200000)]
  0x0000022cac45a000 JavaThread "Timer hack thread" daemon [_thread_blocked, id=10844, stack(0x000000e630300000,0x000000e630400000)]
  0x0000022cac459000 JavaThread "pool-2-thread-1" [_thread_blocked, id=14668, stack(0x000000e630500000,0x000000e630600000)]
  0x0000022cae65a000 JavaThread "C2 CompilerThread7" daemon [_thread_blocked, id=12396, stack(0x000000e630c00000,0x000000e630d00000)]
  0x0000022cb2c69000 JavaThread "ViaRewind-1_8TO1_9" daemon [_thread_blocked, id=14948, stack(0x000000e631400000,0x000000e631500000)]
  0x0000022cb2c69800 JavaThread "Via Async Task 0" [_thread_in_native, id=16756, stack(0x000000e631500000,0x000000e631600000)]
  0x0000022cb2c6d000 JavaThread "Via Async Scheduler 0" [_thread_blocked, id=16008, stack(0x000000e631600000,0x000000e631700000)]

Other Threads:
  0x0000022ca6b8f000 VMThread "VM Thread" [stack: 0x000000e62d900000,0x000000e62da00000] [id=14696]
  0x0000022ca7a2b000 WatcherThread [stack: 0x000000e62ea00000,0x000000e62eb00000] [id=10080]
  0x0000022cffa13800 GCTaskThread "GC Thread#0" [stack: 0x000000e62d400000,0x000000e62d500000] [id=20596]
  0x0000022ca8503000 GCTaskThread "GC Thread#1" [stack: 0x000000e62eb00000,0x000000e62ec00000] [id=11096]
  0x0000022ca8504000 GCTaskThread "GC Thread#2" [stack: 0x000000e62ec00000,0x000000e62ed00000] [id=20904]
  0x0000022ca8504800 GCTaskThread "GC Thread#3" [stack: 0x000000e62ed00000,0x000000e62ee00000] [id=9272]
  0x0000022ca84c2800 GCTaskThread "GC Thread#4" [stack: 0x000000e62ee00000,0x000000e62ef00000] [id=12088]
  0x0000022ca84c3000 GCTaskThread "GC Thread#5" [stack: 0x000000e62ef00000,0x000000e62f000000] [id=22132]
  0x0000022ca84f4000 GCTaskThread "GC Thread#6" [stack: 0x000000e62f000000,0x000000e62f100000] [id=1968]
  0x0000022ca84f9000 GCTaskThread "GC Thread#7" [stack: 0x000000e62f100000,0x000000e62f200000] [id=10364]
  0x0000022ca84f9800 GCTaskThread "GC Thread#8" [stack: 0x000000e62f200000,0x000000e62f300000] [id=15000]
  0x0000022ca84fa000 GCTaskThread "GC Thread#9" [stack: 0x000000e62f300000,0x000000e62f400000] [id=2836]
  0x0000022ca84fb000 GCTaskThread "GC Thread#10" [stack: 0x000000e62f400000,0x000000e62f500000] [id=2936]
  0x0000022ca84fb800 GCTaskThread "GC Thread#11" [stack: 0x000000e62f500000,0x000000e62f600000] [id=13024]
  0x0000022cad6cf000 GCTaskThread "GC Thread#12" [stack: 0x000000e630600000,0x000000e630700000] [id=13644]
  0x0000022cad6cd800 GCTaskThread "GC Thread#13" [stack: 0x000000e630700000,0x000000e630800000] [id=16036]
  0x0000022cffa96800 ConcurrentGCThread "G1 Main Marker" [stack: 0x000000e62d500000,0x000000e62d600000] [id=8984]
  0x0000022cffaa0000 ConcurrentGCThread "G1 Conc#0" [stack: 0x000000e62d600000,0x000000e62d700000] [id=21568]
  0x0000022ca84ab000 ConcurrentGCThread "G1 Conc#1" [stack: 0x000000e62fa00000,0x000000e62fb00000] [id=12052]
  0x0000022ca84ac000 ConcurrentGCThread "G1 Conc#2" [stack: 0x000000e62fb00000,0x000000e62fc00000] [id=8948]
  0x0000022ca84af800 ConcurrentGCThread "G1 Conc#3" [stack: 0x000000e62fc00000,0x000000e62fd00000] [id=6876]
  0x0000022ca9e3a000 ConcurrentGCThread "G1 Conc#4" [stack: 0x000000e62fd00000,0x000000e62fe00000] [id=10428]
  0x0000022cffa97800 ConcurrentGCThread "G1 Refine#0" [stack: 0x000000e62d700000,0x000000e62d800000] [id=10324]
  0x0000022ca69e7000 ConcurrentGCThread "G1 Young RemSet Sampling" [stack: 0x000000e62d800000,0x000000e62d900000] [id=7192]

Threads with active compile tasks:

VM state:not at safepoint (normal execution)

VM Mutex/Monitor currently owned by a thread: None

Heap address: 0x0000000604600000, size: 8122 MB, Compressed Oops mode: Zero based, Oop shift amount: 3
Narrow klass base: 0x0000000800000000, Narrow klass shift: 0
Compressed class space size: 1073741824 Address: 0x0000000800000000

Heap:
 garbage-first heap   total 624640K, used 77868K [0x0000000604600000, 0x0000000800000000)
  region size 2048K, 18 young (36864K), 10 survivors (20480K)
 Metaspace       used 52196K, capacity 53802K, committed 54064K, reserved 1095680K
  class space    used 6646K, capacity 7423K, committed 7472K, reserved 1048576K
Heap Regions: E=young(eden), S=young(survivor), O=old, HS=humongous(starts), HC=humongous(continues), CS=collection set, F=free, A=archive, TAMS=top-at-mark-start (previous, next)
|   0|0x0000000604600000, 0x0000000604800000, 0x0000000604800000|100%|HS|  |TAMS 0x0000000604800000, 0x0000000604600000| Complete 
|   1|0x0000000604800000, 0x0000000604a00000, 0x0000000604a00000|100%| O|  |TAMS 0x0000000604a00000, 0x0000000604800000| Untracked 
|   2|0x0000000604a00000, 0x0000000604c00000, 0x0000000604c00000|100%|HS|  |TAMS 0x0000000604c00000, 0x0000000604a00000| Complete 
|   3|0x0000000604c00000, 0x0000000604e00000, 0x0000000604e00000|100%|HC|  |TAMS 0x0000000604e00000, 0x0000000604c00000| Complete 
|   4|0x0000000604e00000, 0x0000000605000000, 0x0000000605000000|100%|HC|  |TAMS 0x0000000605000000, 0x0000000604e00000| Complete 
|   5|0x0000000605000000, 0x0000000605200000, 0x0000000605200000|100%|HC|  |TAMS 0x0000000605200000, 0x0000000605000000| Complete 
|   6|0x0000000605200000, 0x0000000605400000, 0x0000000605400000|100%|HC|  |TAMS 0x0000000605400000, 0x0000000605200000| Complete 
|   7|0x0000000605400000, 0x0000000605600000, 0x0000000605600000|100%|HC|  |TAMS 0x0000000605600000, 0x0000000605400000| Complete 
|   8|0x0000000605600000, 0x0000000605800000, 0x0000000605800000|100%| O|  |TAMS 0x0000000605800000, 0x0000000605600000| Untracked 
|   9|0x0000000605800000, 0x0000000605a00000, 0x0000000605a00000|100%| O|  |TAMS 0x0000000605a00000, 0x0000000605800000| Untracked 
|  10|0x0000000605a00000, 0x0000000605c00000, 0x0000000605c00000|100%| O|  |TAMS 0x0000000605c00000, 0x0000000605a00000| Untracked 
|  11|0x0000000605c00000, 0x0000000605e00000, 0x0000000605e00000|100%| O|  |TAMS 0x0000000605e00000, 0x0000000605c00000| Untracked 
|  12|0x0000000605e00000, 0x0000000606000000, 0x0000000606000000|100%| O|  |TAMS 0x0000000606000000, 0x0000000605e00000| Untracked 
|  13|0x0000000606000000, 0x0000000606200000, 0x0000000606200000|100%| O|  |TAMS 0x0000000606200000, 0x0000000606000000| Untracked 
|  14|0x0000000606200000, 0x0000000606400000, 0x0000000606400000|100%| O|  |TAMS 0x0000000606400000, 0x0000000606200000| Untracked 
|  15|0x0000000606400000, 0x0000000606600000, 0x0000000606600000|100%| O|  |TAMS 0x00000006065caa08, 0x0000000606400000| Untracked 
|  16|0x0000000606600000, 0x0000000606800000, 0x0000000606800000|100%| O|  |TAMS 0x0000000606600000, 0x0000000606600000| Untracked 
|  17|0x0000000606800000, 0x0000000606a00000, 0x0000000606a00000|100%| O|  |TAMS 0x0000000606800000, 0x0000000606800000| Untracked 
|  18|0x0000000606a00000, 0x0000000606c00000, 0x0000000606c00000|100%| O|  |TAMS 0x0000000606a00000, 0x0000000606a00000| Untracked 
|  19|0x0000000606c00000, 0x0000000606e00000, 0x0000000606e00000|100%| O|  |TAMS 0x0000000606c00000, 0x0000000606c00000| Untracked 
|  20|0x0000000606e00000, 0x0000000607000000, 0x0000000607000000|100%| O|  |TAMS 0x0000000606e00000, 0x0000000606e00000| Untracked 
|  21|0x0000000607000000, 0x00000006070cae00, 0x0000000607200000| 39%| O|  |TAMS 0x0000000607000000, 0x0000000607000000| Untracked 
|  22|0x0000000607200000, 0x0000000607200000, 0x0000000607400000|  0%| F|  |TAMS 0x0000000607200000, 0x0000000607200000| Untracked 
|  23|0x0000000607400000, 0x0000000607400000, 0x0000000607600000|  0%| F|  |TAMS 0x0000000607400000, 0x0000000607400000| Untracked 
|  24|0x0000000607600000, 0x0000000607600000, 0x0000000607800000|  0%| F|  |TAMS 0x0000000607600000, 0x0000000607600000| Untracked 
|  25|0x0000000607800000, 0x0000000607800000, 0x0000000607a00000|  0%| F|  |TAMS 0x0000000607800000, 0x0000000607800000| Untracked 
|  26|0x0000000607a00000, 0x0000000607a00000, 0x0000000607c00000|  0%| F|  |TAMS 0x0000000607a00000, 0x0000000607a00000| Untracked 
|  27|0x0000000607c00000, 0x0000000607c00000, 0x0000000607e00000|  0%| F|  |TAMS 0x0000000607c00000, 0x0000000607c00000| Untracked 
|  28|0x0000000607e00000, 0x0000000607e00000, 0x0000000608000000|  0%| F|  |TAMS 0x0000000607e00000, 0x0000000607e00000| Untracked 
|  29|0x0000000608000000, 0x0000000608000000, 0x0000000608200000|  0%| F|  |TAMS 0x0000000608000000, 0x0000000608000000| Untracked 
|  30|0x0000000608200000, 0x0000000608200000, 0x0000000608400000|  0%| F|  |TAMS 0x0000000608200000, 0x0000000608200000| Untracked 
|  31|0x0000000608400000, 0x0000000608400000, 0x0000000608600000|  0%| F|  |TAMS 0x0000000608400000, 0x0000000608400000| Untracked 
|  32|0x0000000608600000, 0x0000000608600000, 0x0000000608800000|  0%| F|  |TAMS 0x0000000608600000, 0x0000000608600000| Untracked 
|  33|0x0000000608800000, 0x0000000608800000, 0x0000000608a00000|  0%| F|  |TAMS 0x0000000608800000, 0x0000000608800000| Untracked 
|  34|0x0000000608a00000, 0x0000000608a00000, 0x0000000608c00000|  0%| F|  |TAMS 0x0000000608a00000, 0x0000000608a00000| Untracked 
|  35|0x0000000608c00000, 0x0000000608c00000, 0x0000000608e00000|  0%| F|  |TAMS 0x0000000608c00000, 0x0000000608c00000| Untracked 
|  36|0x0000000608e00000, 0x0000000608e00000, 0x0000000609000000|  0%| F|  |TAMS 0x0000000608e00000, 0x0000000608e00000| Untracked 
|  37|0x0000000609000000, 0x0000000609000000, 0x0000000609200000|  0%| F|  |TAMS 0x0000000609000000, 0x0000000609000000| Untracked 
|  38|0x0000000609200000, 0x0000000609200000, 0x0000000609400000|  0%| F|  |TAMS 0x0000000609200000, 0x0000000609200000| Untracked 
|  39|0x0000000609400000, 0x0000000609400000, 0x0000000609600000|  0%| F|  |TAMS 0x0000000609400000, 0x0000000609400000| Untracked 
|  40|0x0000000609600000, 0x0000000609600000, 0x0000000609800000|  0%| F|  |TAMS 0x0000000609600000, 0x0000000609600000| Untracked 
|  41|0x0000000609800000, 0x0000000609800000, 0x0000000609a00000|  0%| F|  |TAMS 0x0000000609800000, 0x0000000609800000| Untracked 
|  42|0x0000000609a00000, 0x0000000609a00000, 0x0000000609c00000|  0%| F|  |TAMS 0x0000000609a00000, 0x0000000609a00000| Untracked 
|  43|0x0000000609c00000, 0x0000000609c00000, 0x0000000609e00000|  0%| F|  |TAMS 0x0000000609c00000, 0x0000000609c00000| Untracked 
|  44|0x0000000609e00000, 0x0000000609e00000, 0x000000060a000000|  0%| F|  |TAMS 0x0000000609e00000, 0x0000000609e00000| Untracked 
|  45|0x000000060a000000, 0x000000060a000000, 0x000000060a200000|  0%| F|  |TAMS 0x000000060a000000, 0x000000060a000000| Untracked 
|  46|0x000000060a200000, 0x000000060a200000, 0x000000060a400000|  0%| F|  |TAMS 0x000000060a200000, 0x000000060a200000| Untracked 
|  47|0x000000060a400000, 0x000000060a400000, 0x000000060a600000|  0%| F|  |TAMS 0x000000060a400000, 0x000000060a400000| Untracked 
|  48|0x000000060a600000, 0x000000060a600000, 0x000000060a800000|  0%| F|  |TAMS 0x000000060a600000, 0x000000060a600000| Untracked 
|  49|0x000000060a800000, 0x000000060a800000, 0x000000060aa00000|  0%| F|  |TAMS 0x000000060a800000, 0x000000060a800000| Untracked 
|  50|0x000000060aa00000, 0x000000060aa00000, 0x000000060ac00000|  0%| F|  |TAMS 0x000000060aa00000, 0x000000060aa00000| Untracked 
|  51|0x000000060ac00000, 0x000000060ac00000, 0x000000060ae00000|  0%| F|  |TAMS 0x000000060ac00000, 0x000000060ac00000| Untracked 
|  52|0x000000060ae00000, 0x000000060ae00000, 0x000000060b000000|  0%| F|  |TAMS 0x000000060ae00000, 0x000000060ae00000| Untracked 
|  53|0x000000060b000000, 0x000000060b000000, 0x000000060b200000|  0%| F|  |TAMS 0x000000060b000000, 0x000000060b000000| Untracked 
|  54|0x000000060b200000, 0x000000060b200000, 0x000000060b400000|  0%| F|  |TAMS 0x000000060b200000, 0x000000060b200000| Untracked 
|  55|0x000000060b400000, 0x000000060b400000, 0x000000060b600000|  0%| F|  |TAMS 0x000000060b400000, 0x000000060b400000| Untracked 
|  56|0x000000060b600000, 0x000000060b600000, 0x000000060b800000|  0%| F|  |TAMS 0x000000060b600000, 0x000000060b600000| Untracked 
|  57|0x000000060b800000, 0x000000060b800000, 0x000000060ba00000|  0%| F|  |TAMS 0x000000060b800000, 0x000000060b800000| Untracked 
|  58|0x000000060ba00000, 0x000000060ba00000, 0x000000060bc00000|  0%| F|  |TAMS 0x000000060ba00000, 0x000000060ba00000| Untracked 
|  59|0x000000060bc00000, 0x000000060bc00000, 0x000000060be00000|  0%| F|  |TAMS 0x000000060bc00000, 0x000000060bc00000| Untracked 
|  60|0x000000060be00000, 0x000000060be00000, 0x000000060c000000|  0%| F|  |TAMS 0x000000060be00000, 0x000000060be00000| Untracked 
|  61|0x000000060c000000, 0x000000060c000000, 0x000000060c200000|  0%| F|  |TAMS 0x000000060c000000, 0x000000060c000000| Untracked 
|  62|0x000000060c200000, 0x000000060c200000, 0x000000060c400000|  0%| F|  |TAMS 0x000000060c200000, 0x000000060c200000| Untracked 
|  63|0x000000060c400000, 0x000000060c400000, 0x000000060c600000|  0%| F|  |TAMS 0x000000060c400000, 0x000000060c400000| Untracked 
|  64|0x000000060c600000, 0x000000060c600000, 0x000000060c800000|  0%| F|  |TAMS 0x000000060c600000, 0x000000060c600000| Untracked 
|  65|0x000000060c800000, 0x000000060c800000, 0x000000060ca00000|  0%| F|  |TAMS 0x000000060c800000, 0x000000060c800000| Untracked 
|  66|0x000000060ca00000, 0x000000060ca00000, 0x000000060cc00000|  0%| F|  |TAMS 0x000000060ca00000, 0x000000060ca00000| Untracked 
|  67|0x000000060cc00000, 0x000000060cc00000, 0x000000060ce00000|  0%| F|  |TAMS 0x000000060cc00000, 0x000000060cc00000| Untracked 
|  68|0x000000060ce00000, 0x000000060ce00000, 0x000000060d000000|  0%| F|  |TAMS 0x000000060ce00000, 0x000000060ce00000| Untracked 
|  69|0x000000060d000000, 0x000000060d000000, 0x000000060d200000|  0%| F|  |TAMS 0x000000060d000000, 0x000000060d000000| Untracked 
|  70|0x000000060d200000, 0x000000060d200000, 0x000000060d400000|  0%| F|  |TAMS 0x000000060d200000, 0x000000060d200000| Untracked 
|  71|0x000000060d400000, 0x000000060d400000, 0x000000060d600000|  0%| F|  |TAMS 0x000000060d400000, 0x000000060d400000| Untracked 
|  72|0x000000060d600000, 0x000000060d600000, 0x000000060d800000|  0%| F|  |TAMS 0x000000060d600000, 0x000000060d600000| Untracked 
|  73|0x000000060d800000, 0x000000060d800000, 0x000000060da00000|  0%| F|  |TAMS 0x000000060d800000, 0x000000060d800000| Untracked 
|  74|0x000000060da00000, 0x000000060da00000, 0x000000060dc00000|  0%| F|  |TAMS 0x000000060da00000, 0x000000060da00000| Untracked 
|  75|0x000000060dc00000, 0x000000060dc00000, 0x000000060de00000|  0%| F|  |TAMS 0x000000060dc00000, 0x000000060dc00000| Untracked 
|  76|0x000000060de00000, 0x000000060de00000, 0x000000060e000000|  0%| F|  |TAMS 0x000000060de00000, 0x000000060de00000| Untracked 
|  77|0x000000060e000000, 0x000000060e000000, 0x000000060e200000|  0%| F|  |TAMS 0x000000060e000000, 0x000000060e000000| Untracked 
|  78|0x000000060e200000, 0x000000060e200000, 0x000000060e400000|  0%| F|  |TAMS 0x000000060e200000, 0x000000060e200000| Untracked 
|  79|0x000000060e400000, 0x000000060e400000, 0x000000060e600000|  0%| F|  |TAMS 0x000000060e400000, 0x000000060e400000| Untracked 
|  80|0x000000060e600000, 0x000000060e600000, 0x000000060e800000|  0%| F|  |TAMS 0x000000060e600000, 0x000000060e600000| Untracked 
|  81|0x000000060e800000, 0x000000060e800000, 0x000000060ea00000|  0%| F|  |TAMS 0x000000060e800000, 0x000000060e800000| Untracked 
|  82|0x000000060ea00000, 0x000000060ea00000, 0x000000060ec00000|  0%| F|  |TAMS 0x000000060ea00000, 0x000000060ea00000| Untracked 
|  83|0x000000060ec00000, 0x000000060ec00000, 0x000000060ee00000|  0%| F|  |TAMS 0x000000060ec00000, 0x000000060ec00000| Untracked 
|  84|0x000000060ee00000, 0x000000060ee00000, 0x000000060f000000|  0%| F|  |TAMS 0x000000060ee00000, 0x000000060ee00000| Untracked 
|  85|0x000000060f000000, 0x000000060f000000, 0x000000060f200000|  0%| F|  |TAMS 0x000000060f000000, 0x000000060f000000| Untracked 
|  86|0x000000060f200000, 0x000000060f200000, 0x000000060f400000|  0%| F|  |TAMS 0x000000060f200000, 0x000000060f200000| Untracked 
|  87|0x000000060f400000, 0x000000060f400000, 0x000000060f600000|  0%| F|  |TAMS 0x000000060f400000, 0x000000060f400000| Untracked 
|  88|0x000000060f600000, 0x000000060f600000, 0x000000060f800000|  0%| F|  |TAMS 0x000000060f600000, 0x000000060f600000| Untracked 
|  89|0x000000060f800000, 0x000000060f800000, 0x000000060fa00000|  0%| F|  |TAMS 0x000000060f800000, 0x000000060f800000| Untracked 
|  90|0x000000060fa00000, 0x000000060fa00000, 0x000000060fc00000|  0%| F|  |TAMS 0x000000060fa00000, 0x000000060fa00000| Untracked 
|  91|0x000000060fc00000, 0x000000060fc00000, 0x000000060fe00000|  0%| F|  |TAMS 0x000000060fc00000, 0x000000060fc00000| Untracked 
|  92|0x000000060fe00000, 0x000000060fe00000, 0x0000000610000000|  0%| F|  |TAMS 0x000000060fe00000, 0x000000060fe00000| Untracked 
|  93|0x0000000610000000, 0x0000000610000000, 0x0000000610200000|  0%| F|  |TAMS 0x0000000610000000, 0x0000000610000000| Untracked 
|  94|0x0000000610200000, 0x0000000610200000, 0x0000000610400000|  0%| F|  |TAMS 0x0000000610200000, 0x0000000610200000| Untracked 
|  95|0x0000000610400000, 0x0000000610400000, 0x0000000610600000|  0%| F|  |TAMS 0x0000000610400000, 0x0000000610400000| Untracked 
|  96|0x0000000610600000, 0x0000000610600000, 0x0000000610800000|  0%| F|  |TAMS 0x0000000610600000, 0x0000000610600000| Untracked 
|  97|0x0000000610800000, 0x0000000610800000, 0x0000000610a00000|  0%| F|  |TAMS 0x0000000610800000, 0x0000000610800000| Untracked 
|  98|0x0000000610a00000, 0x0000000610a00000, 0x0000000610c00000|  0%| F|  |TAMS 0x0000000610a00000, 0x0000000610a00000| Untracked 
|  99|0x0000000610c00000, 0x0000000610c00000, 0x0000000610e00000|  0%| F|  |TAMS 0x0000000610c00000, 0x0000000610c00000| Untracked 
| 100|0x0000000610e00000, 0x0000000610e00000, 0x0000000611000000|  0%| F|  |TAMS 0x0000000610e00000, 0x0000000610e00000| Untracked 
| 101|0x0000000611000000, 0x0000000611000000, 0x0000000611200000|  0%| F|  |TAMS 0x0000000611000000, 0x0000000611000000| Untracked 
| 102|0x0000000611200000, 0x0000000611200000, 0x0000000611400000|  0%| F|  |TAMS 0x0000000611200000, 0x0000000611200000| Untracked 
| 103|0x0000000611400000, 0x0000000611400000, 0x0000000611600000|  0%| F|  |TAMS 0x0000000611400000, 0x0000000611400000| Untracked 
| 104|0x0000000611600000, 0x0000000611600000, 0x0000000611800000|  0%| F|  |TAMS 0x0000000611600000, 0x0000000611600000| Untracked 
| 105|0x0000000611800000, 0x0000000611800000, 0x0000000611a00000|  0%| F|  |TAMS 0x0000000611800000, 0x0000000611800000| Untracked 
| 106|0x0000000611a00000, 0x0000000611a00000, 0x0000000611c00000|  0%| F|  |TAMS 0x0000000611a00000, 0x0000000611a00000| Untracked 
| 107|0x0000000611c00000, 0x0000000611c00000, 0x0000000611e00000|  0%| F|  |TAMS 0x0000000611c00000, 0x0000000611c00000| Untracked 
| 108|0x0000000611e00000, 0x0000000611e00000, 0x0000000612000000|  0%| F|  |TAMS 0x0000000611e00000, 0x0000000611e00000| Untracked 
| 109|0x0000000612000000, 0x0000000612000000, 0x0000000612200000|  0%| F|  |TAMS 0x0000000612000000, 0x0000000612000000| Untracked 
| 110|0x0000000612200000, 0x0000000612200000, 0x0000000612400000|  0%| F|  |TAMS 0x0000000612200000, 0x0000000612200000| Untracked 
| 111|0x0000000612400000, 0x0000000612400000, 0x0000000612600000|  0%| F|  |TAMS 0x0000000612400000, 0x0000000612400000| Untracked 
| 112|0x0000000612600000, 0x0000000612600000, 0x0000000612800000|  0%| F|  |TAMS 0x0000000612600000, 0x0000000612600000| Untracked 
| 113|0x0000000612800000, 0x0000000612800000, 0x0000000612a00000|  0%| F|  |TAMS 0x0000000612800000, 0x0000000612800000| Untracked 
| 114|0x0000000612a00000, 0x0000000612a00000, 0x0000000612c00000|  0%| F|  |TAMS 0x0000000612a00000, 0x0000000612a00000| Untracked 
| 115|0x0000000612c00000, 0x0000000612c00000, 0x0000000612e00000|  0%| F|  |TAMS 0x0000000612c00000, 0x0000000612c00000| Untracked 
| 116|0x0000000612e00000, 0x0000000612e00000, 0x0000000613000000|  0%| F|  |TAMS 0x0000000612e00000, 0x0000000612e00000| Untracked 
| 117|0x0000000613000000, 0x0000000613000000, 0x0000000613200000|  0%| F|  |TAMS 0x0000000613000000, 0x0000000613000000| Untracked 
| 118|0x0000000613200000, 0x0000000613200000, 0x0000000613400000|  0%| F|  |TAMS 0x0000000613200000, 0x0000000613200000| Untracked 
| 119|0x0000000613400000, 0x0000000613400000, 0x0000000613600000|  0%| F|  |TAMS 0x0000000613400000, 0x0000000613400000| Untracked 
| 120|0x0000000613600000, 0x0000000613600000, 0x0000000613800000|  0%| F|  |TAMS 0x0000000613600000, 0x0000000613600000| Untracked 
| 121|0x0000000613800000, 0x0000000613800000, 0x0000000613a00000|  0%| F|  |TAMS 0x0000000613800000, 0x0000000613800000| Untracked 
| 122|0x0000000613a00000, 0x0000000613a00000, 0x0000000613c00000|  0%| F|  |TAMS 0x0000000613a00000, 0x0000000613a00000| Untracked 
| 123|0x0000000613c00000, 0x0000000613c00000, 0x0000000613e00000|  0%| F|  |TAMS 0x0000000613c00000, 0x0000000613c00000| Untracked 
| 124|0x0000000613e00000, 0x0000000613e00000, 0x0000000614000000|  0%| F|  |TAMS 0x0000000613e00000, 0x0000000613e00000| Untracked 
| 125|0x0000000614000000, 0x0000000614000000, 0x0000000614200000|  0%| F|  |TAMS 0x0000000614000000, 0x0000000614000000| Untracked 
| 126|0x0000000614200000, 0x0000000614200000, 0x0000000614400000|  0%| F|  |TAMS 0x0000000614200000, 0x0000000614200000| Untracked 
| 127|0x0000000614400000, 0x0000000614400000, 0x0000000614600000|  0%| F|  |TAMS 0x0000000614400000, 0x0000000614400000| Untracked 
| 128|0x0000000614600000, 0x0000000614600000, 0x0000000614800000|  0%| F|  |TAMS 0x0000000614600000, 0x0000000614600000| Untracked 
| 129|0x0000000614800000, 0x0000000614800000, 0x0000000614a00000|  0%| F|  |TAMS 0x0000000614800000, 0x0000000614800000| Untracked 
| 130|0x0000000614a00000, 0x0000000614a00000, 0x0000000614c00000|  0%| F|  |TAMS 0x0000000614a00000, 0x0000000614a00000| Untracked 
| 131|0x0000000614c00000, 0x0000000614c00000, 0x0000000614e00000|  0%| F|  |TAMS 0x0000000614c00000, 0x0000000614c00000| Untracked 
| 132|0x0000000614e00000, 0x0000000614e00000, 0x0000000615000000|  0%| F|  |TAMS 0x0000000614e00000, 0x0000000614e00000| Untracked 
| 133|0x0000000615000000, 0x0000000615000000, 0x0000000615200000|  0%| F|  |TAMS 0x0000000615000000, 0x0000000615000000| Untracked 
| 134|0x0000000615200000, 0x0000000615200000, 0x0000000615400000|  0%| F|  |TAMS 0x0000000615200000, 0x0000000615200000| Untracked 
| 135|0x0000000615400000, 0x0000000615400000, 0x0000000615600000|  0%| F|  |TAMS 0x0000000615400000, 0x0000000615400000| Untracked 
| 136|0x0000000615600000, 0x0000000615600000, 0x0000000615800000|  0%| F|  |TAMS 0x0000000615600000, 0x0000000615600000| Untracked 
| 137|0x0000000615800000, 0x0000000615800000, 0x0000000615a00000|  0%| F|  |TAMS 0x0000000615800000, 0x0000000615800000| Untracked 
| 138|0x0000000615a00000, 0x0000000615a00000, 0x0000000615c00000|  0%| F|  |TAMS 0x0000000615a00000, 0x0000000615a00000| Untracked 
| 139|0x0000000615c00000, 0x0000000615c00000, 0x0000000615e00000|  0%| F|  |TAMS 0x0000000615c00000, 0x0000000615c00000| Untracked 
| 140|0x0000000615e00000, 0x0000000615e00000, 0x0000000616000000|  0%| F|  |TAMS 0x0000000615e00000, 0x0000000615e00000| Untracked 
| 141|0x0000000616000000, 0x0000000616000000, 0x0000000616200000|  0%| F|  |TAMS 0x0000000616000000, 0x0000000616000000| Untracked 
| 142|0x0000000616200000, 0x0000000616200000, 0x0000000616400000|  0%| F|  |TAMS 0x0000000616200000, 0x0000000616200000| Untracked 
| 143|0x0000000616400000, 0x0000000616400000, 0x0000000616600000|  0%| F|  |TAMS 0x0000000616400000, 0x0000000616400000| Untracked 
| 144|0x0000000616600000, 0x0000000616600000, 0x0000000616800000|  0%| F|  |TAMS 0x0000000616600000, 0x0000000616600000| Untracked 
| 145|0x0000000616800000, 0x0000000616800000, 0x0000000616a00000|  0%| F|  |TAMS 0x0000000616800000, 0x0000000616800000| Untracked 
| 146|0x0000000616a00000, 0x0000000616a00000, 0x0000000616c00000|  0%| F|  |TAMS 0x0000000616a00000, 0x0000000616a00000| Untracked 
| 147|0x0000000616c00000, 0x0000000616c00000, 0x0000000616e00000|  0%| F|  |TAMS 0x0000000616c00000, 0x0000000616c00000| Untracked 
| 148|0x0000000616e00000, 0x0000000616e00000, 0x0000000617000000|  0%| F|  |TAMS 0x0000000616e00000, 0x0000000616e00000| Untracked 
| 149|0x0000000617000000, 0x0000000617000000, 0x0000000617200000|  0%| F|  |TAMS 0x0000000617000000, 0x0000000617000000| Untracked 
| 150|0x0000000617200000, 0x0000000617200000, 0x0000000617400000|  0%| F|  |TAMS 0x0000000617200000, 0x0000000617200000| Untracked 
| 151|0x0000000617400000, 0x0000000617400000, 0x0000000617600000|  0%| F|  |TAMS 0x0000000617400000, 0x0000000617400000| Untracked 
| 152|0x0000000617600000, 0x0000000617600000, 0x0000000617800000|  0%| F|  |TAMS 0x0000000617600000, 0x0000000617600000| Untracked 
| 153|0x0000000617800000, 0x0000000617800000, 0x0000000617a00000|  0%| F|  |TAMS 0x0000000617800000, 0x0000000617800000| Untracked 
| 154|0x0000000617a00000, 0x0000000617a00000, 0x0000000617c00000|  0%| F|  |TAMS 0x0000000617a00000, 0x0000000617a00000| Untracked 
| 155|0x0000000617c00000, 0x0000000617c00000, 0x0000000617e00000|  0%| F|  |TAMS 0x0000000617c00000, 0x0000000617c00000| Untracked 
| 156|0x0000000617e00000, 0x0000000617e00000, 0x0000000618000000|  0%| F|  |TAMS 0x0000000617e00000, 0x0000000617e00000| Untracked 
| 157|0x0000000618000000, 0x0000000618000000, 0x0000000618200000|  0%| F|  |TAMS 0x0000000618000000, 0x0000000618000000| Untracked 
| 158|0x0000000618200000, 0x0000000618200000, 0x0000000618400000|  0%| F|  |TAMS 0x0000000618200000, 0x0000000618200000| Untracked 
| 159|0x0000000618400000, 0x0000000618400000, 0x0000000618600000|  0%| F|  |TAMS 0x0000000618400000, 0x0000000618400000| Untracked 
| 160|0x0000000618600000, 0x0000000618600000, 0x0000000618800000|  0%| F|  |TAMS 0x0000000618600000, 0x0000000618600000| Untracked 
| 161|0x0000000618800000, 0x0000000618800000, 0x0000000618a00000|  0%| F|  |TAMS 0x0000000618800000, 0x0000000618800000| Untracked 
| 162|0x0000000618a00000, 0x0000000618a00000, 0x0000000618c00000|  0%| F|  |TAMS 0x0000000618a00000, 0x0000000618a00000| Untracked 
| 163|0x0000000618c00000, 0x0000000618c00000, 0x0000000618e00000|  0%| F|  |TAMS 0x0000000618c00000, 0x0000000618c00000| Untracked 
| 164|0x0000000618e00000, 0x0000000618e00000, 0x0000000619000000|  0%| F|  |TAMS 0x0000000618e00000, 0x0000000618e00000| Untracked 
| 165|0x0000000619000000, 0x0000000619000000, 0x0000000619200000|  0%| F|  |TAMS 0x0000000619000000, 0x0000000619000000| Untracked 
| 166|0x0000000619200000, 0x0000000619200000, 0x0000000619400000|  0%| F|  |TAMS 0x0000000619200000, 0x0000000619200000| Untracked 
| 167|0x0000000619400000, 0x0000000619400000, 0x0000000619600000|  0%| F|  |TAMS 0x0000000619400000, 0x0000000619400000| Untracked 
| 168|0x0000000619600000, 0x0000000619600000, 0x0000000619800000|  0%| F|  |TAMS 0x0000000619600000, 0x0000000619600000| Untracked 
| 169|0x0000000619800000, 0x0000000619800000, 0x0000000619a00000|  0%| F|  |TAMS 0x0000000619800000, 0x0000000619800000| Untracked 
| 170|0x0000000619a00000, 0x0000000619a00000, 0x0000000619c00000|  0%| F|  |TAMS 0x0000000619a00000, 0x0000000619a00000| Untracked 
| 171|0x0000000619c00000, 0x0000000619c00000, 0x0000000619e00000|  0%| F|  |TAMS 0x0000000619c00000, 0x0000000619c00000| Untracked 
| 172|0x0000000619e00000, 0x0000000619e00000, 0x000000061a000000|  0%| F|  |TAMS 0x0000000619e00000, 0x0000000619e00000| Untracked 
| 173|0x000000061a000000, 0x000000061a000000, 0x000000061a200000|  0%| F|  |TAMS 0x000000061a000000, 0x000000061a000000| Untracked 
| 174|0x000000061a200000, 0x000000061a200000, 0x000000061a400000|  0%| F|  |TAMS 0x000000061a200000, 0x000000061a200000| Untracked 
| 175|0x000000061a400000, 0x000000061a400000, 0x000000061a600000|  0%| F|  |TAMS 0x000000061a400000, 0x000000061a400000| Untracked 
| 176|0x000000061a600000, 0x000000061a600000, 0x000000061a800000|  0%| F|  |TAMS 0x000000061a600000, 0x000000061a600000| Untracked 
| 177|0x000000061a800000, 0x000000061a800000, 0x000000061aa00000|  0%| F|  |TAMS 0x000000061a800000, 0x000000061a800000| Untracked 
| 178|0x000000061aa00000, 0x000000061aa00000, 0x000000061ac00000|  0%| F|  |TAMS 0x000000061aa00000, 0x000000061aa00000| Untracked 
| 179|0x000000061ac00000, 0x000000061ac00000, 0x000000061ae00000|  0%| F|  |TAMS 0x000000061ac00000, 0x000000061ac00000| Untracked 
| 180|0x000000061ae00000, 0x000000061ae00000, 0x000000061b000000|  0%| F|  |TAMS 0x000000061ae00000, 0x000000061ae00000| Untracked 
| 181|0x000000061b000000, 0x000000061b000000, 0x000000061b200000|  0%| F|  |TAMS 0x000000061b000000, 0x000000061b000000| Untracked 
| 182|0x000000061b200000, 0x000000061b200000, 0x000000061b400000|  0%| F|  |TAMS 0x000000061b200000, 0x000000061b200000| Untracked 
| 183|0x000000061b400000, 0x000000061b400000, 0x000000061b600000|  0%| F|  |TAMS 0x000000061b400000, 0x000000061b400000| Untracked 
| 184|0x000000061b600000, 0x000000061b600000, 0x000000061b800000|  0%| F|  |TAMS 0x000000061b600000, 0x000000061b600000| Untracked 
| 185|0x000000061b800000, 0x000000061b800000, 0x000000061ba00000|  0%| F|  |TAMS 0x000000061b800000, 0x000000061b800000| Untracked 
| 186|0x000000061ba00000, 0x000000061ba00000, 0x000000061bc00000|  0%| F|  |TAMS 0x000000061ba00000, 0x000000061ba00000| Untracked 
| 187|0x000000061bc00000, 0x000000061bc00000, 0x000000061be00000|  0%| F|  |TAMS 0x000000061bc00000, 0x000000061bc00000| Untracked 
| 188|0x000000061be00000, 0x000000061be00000, 0x000000061c000000|  0%| F|  |TAMS 0x000000061be00000, 0x000000061be00000| Untracked 
| 189|0x000000061c000000, 0x000000061c000000, 0x000000061c200000|  0%| F|  |TAMS 0x000000061c000000, 0x000000061c000000| Untracked 
| 190|0x000000061c200000, 0x000000061c200000, 0x000000061c400000|  0%| F|  |TAMS 0x000000061c200000, 0x000000061c200000| Untracked 
| 191|0x000000061c400000, 0x000000061c400000, 0x000000061c600000|  0%| F|  |TAMS 0x000000061c400000, 0x000000061c400000| Untracked 
| 192|0x000000061c600000, 0x000000061c600000, 0x000000061c800000|  0%| F|  |TAMS 0x000000061c600000, 0x000000061c600000| Untracked 
| 193|0x000000061c800000, 0x000000061c800000, 0x000000061ca00000|  0%| F|  |TAMS 0x000000061c800000, 0x000000061c800000| Untracked 
| 194|0x000000061ca00000, 0x000000061ca00000, 0x000000061cc00000|  0%| F|  |TAMS 0x000000061ca00000, 0x000000061ca00000| Untracked 
| 195|0x000000061cc00000, 0x000000061cc00000, 0x000000061ce00000|  0%| F|  |TAMS 0x000000061cc00000, 0x000000061cc00000| Untracked 
| 196|0x000000061ce00000, 0x000000061ce00000, 0x000000061d000000|  0%| F|  |TAMS 0x000000061ce00000, 0x000000061ce00000| Untracked 
| 197|0x000000061d000000, 0x000000061d000000, 0x000000061d200000|  0%| F|  |TAMS 0x000000061d000000, 0x000000061d000000| Untracked 
| 198|0x000000061d200000, 0x000000061d200000, 0x000000061d400000|  0%| F|  |TAMS 0x000000061d200000, 0x000000061d200000| Untracked 
| 199|0x000000061d400000, 0x000000061d400000, 0x000000061d600000|  0%| F|  |TAMS 0x000000061d400000, 0x000000061d400000| Untracked 
| 200|0x000000061d600000, 0x000000061d600000, 0x000000061d800000|  0%| F|  |TAMS 0x000000061d600000, 0x000000061d600000| Untracked 
| 201|0x000000061d800000, 0x000000061d800000, 0x000000061da00000|  0%| F|  |TAMS 0x000000061d800000, 0x000000061d800000| Untracked 
| 202|0x000000061da00000, 0x000000061da00000, 0x000000061dc00000|  0%| F|  |TAMS 0x000000061da00000, 0x000000061da00000| Untracked 
| 203|0x000000061dc00000, 0x000000061dc00000, 0x000000061de00000|  0%| F|  |TAMS 0x000000061dc00000, 0x000000061dc00000| Untracked 
| 204|0x000000061de00000, 0x000000061de00000, 0x000000061e000000|  0%| F|  |TAMS 0x000000061de00000, 0x000000061de00000| Untracked 
| 205|0x000000061e000000, 0x000000061e000000, 0x000000061e200000|  0%| F|  |TAMS 0x000000061e000000, 0x000000061e000000| Untracked 
| 206|0x000000061e200000, 0x000000061e200000, 0x000000061e400000|  0%| F|  |TAMS 0x000000061e200000, 0x000000061e200000| Untracked 
| 207|0x000000061e400000, 0x000000061e400000, 0x000000061e600000|  0%| F|  |TAMS 0x000000061e400000, 0x000000061e400000| Untracked 
| 208|0x000000061e600000, 0x000000061e7402b0, 0x000000061e800000| 62%| S|CS|TAMS 0x000000061e600000, 0x000000061e600000| Complete 
| 209|0x000000061e800000, 0x000000061ea00000, 0x000000061ea00000|100%| S|CS|TAMS 0x000000061e800000, 0x000000061e800000| Complete 
| 210|0x000000061ea00000, 0x000000061ec00000, 0x000000061ec00000|100%| S|CS|TAMS 0x000000061ea00000, 0x000000061ea00000| Complete 
| 211|0x000000061ec00000, 0x000000061ee00000, 0x000000061ee00000|100%| S|CS|TAMS 0x000000061ec00000, 0x000000061ec00000| Complete 
| 212|0x000000061ee00000, 0x000000061f000000, 0x000000061f000000|100%| S|CS|TAMS 0x000000061ee00000, 0x000000061ee00000| Complete 
| 213|0x000000061f000000, 0x000000061f200000, 0x000000061f200000|100%| S|CS|TAMS 0x000000061f000000, 0x000000061f000000| Complete 
| 214|0x000000061f200000, 0x000000061f400000, 0x000000061f400000|100%| S|CS|TAMS 0x000000061f200000, 0x000000061f200000| Complete 
| 215|0x000000061f400000, 0x000000061f600000, 0x000000061f600000|100%| S|CS|TAMS 0x000000061f400000, 0x000000061f400000| Complete 
| 216|0x000000061f600000, 0x000000061f800000, 0x000000061f800000|100%| S|CS|TAMS 0x000000061f600000, 0x000000061f600000| Complete 
| 217|0x000000061f800000, 0x000000061fa00000, 0x000000061fa00000|100%| S|CS|TAMS 0x000000061f800000, 0x000000061f800000| Complete 
| 218|0x000000061fa00000, 0x000000061fa00000, 0x000000061fc00000|  0%| F|  |TAMS 0x000000061fa00000, 0x000000061fa00000| Untracked 
| 219|0x000000061fc00000, 0x000000061fc00000, 0x000000061fe00000|  0%| F|  |TAMS 0x000000061fc00000, 0x000000061fc00000| Untracked 
| 220|0x000000061fe00000, 0x000000061fe00000, 0x0000000620000000|  0%| F|  |TAMS 0x000000061fe00000, 0x000000061fe00000| Untracked 
| 221|0x0000000620000000, 0x0000000620000000, 0x0000000620200000|  0%| F|  |TAMS 0x0000000620000000, 0x0000000620000000| Untracked 
| 222|0x0000000620200000, 0x0000000620200000, 0x0000000620400000|  0%| F|  |TAMS 0x0000000620200000, 0x0000000620200000| Untracked 
| 223|0x0000000620400000, 0x0000000620400000, 0x0000000620600000|  0%| F|  |TAMS 0x0000000620400000, 0x0000000620400000| Untracked 
| 224|0x0000000620600000, 0x0000000620600000, 0x0000000620800000|  0%| F|  |TAMS 0x0000000620600000, 0x0000000620600000| Untracked 
| 225|0x0000000620800000, 0x0000000620800000, 0x0000000620a00000|  0%| F|  |TAMS 0x0000000620800000, 0x0000000620800000| Untracked 
| 226|0x0000000620a00000, 0x0000000620a00000, 0x0000000620c00000|  0%| F|  |TAMS 0x0000000620a00000, 0x0000000620a00000| Untracked 
| 227|0x0000000620c00000, 0x0000000620c00000, 0x0000000620e00000|  0%| F|  |TAMS 0x0000000620c00000, 0x0000000620c00000| Untracked 
| 228|0x0000000620e00000, 0x0000000620e00000, 0x0000000621000000|  0%| F|  |TAMS 0x0000000620e00000, 0x0000000620e00000| Untracked 
| 229|0x0000000621000000, 0x0000000621000000, 0x0000000621200000|  0%| F|  |TAMS 0x0000000621000000, 0x0000000621000000| Untracked 
| 230|0x0000000621200000, 0x0000000621200000, 0x0000000621400000|  0%| F|  |TAMS 0x0000000621200000, 0x0000000621200000| Untracked 
| 231|0x0000000621400000, 0x0000000621400000, 0x0000000621600000|  0%| F|  |TAMS 0x0000000621400000, 0x0000000621400000| Untracked 
| 232|0x0000000621600000, 0x0000000621600000, 0x0000000621800000|  0%| F|  |TAMS 0x0000000621600000, 0x0000000621600000| Untracked 
| 233|0x0000000621800000, 0x0000000621800000, 0x0000000621a00000|  0%| F|  |TAMS 0x0000000621800000, 0x0000000621800000| Untracked 
| 234|0x0000000621a00000, 0x0000000621a00000, 0x0000000621c00000|  0%| F|  |TAMS 0x0000000621a00000, 0x0000000621a00000| Untracked 
| 235|0x0000000621c00000, 0x0000000621c00000, 0x0000000621e00000|  0%| F|  |TAMS 0x0000000621c00000, 0x0000000621c00000| Untracked 
| 236|0x0000000621e00000, 0x0000000621e00000, 0x0000000622000000|  0%| F|  |TAMS 0x0000000621e00000, 0x0000000621e00000| Untracked 
| 237|0x0000000622000000, 0x0000000622000000, 0x0000000622200000|  0%| F|  |TAMS 0x0000000622000000, 0x0000000622000000| Untracked 
| 238|0x0000000622200000, 0x0000000622200000, 0x0000000622400000|  0%| F|  |TAMS 0x0000000622200000, 0x0000000622200000| Untracked 
| 239|0x0000000622400000, 0x0000000622400000, 0x0000000622600000|  0%| F|  |TAMS 0x0000000622400000, 0x0000000622400000| Untracked 
| 240|0x0000000622600000, 0x0000000622600000, 0x0000000622800000|  0%| F|  |TAMS 0x0000000622600000, 0x0000000622600000| Untracked 
| 241|0x0000000622800000, 0x0000000622800000, 0x0000000622a00000|  0%| F|  |TAMS 0x0000000622800000, 0x0000000622800000| Untracked 
| 242|0x0000000622a00000, 0x0000000622a00000, 0x0000000622c00000|  0%| F|  |TAMS 0x0000000622a00000, 0x0000000622a00000| Untracked 
| 243|0x0000000622c00000, 0x0000000622c00000, 0x0000000622e00000|  0%| F|  |TAMS 0x0000000622c00000, 0x0000000622c00000| Untracked 
| 244|0x0000000622e00000, 0x0000000622e00000, 0x0000000623000000|  0%| F|  |TAMS 0x0000000622e00000, 0x0000000622e00000| Untracked 
| 245|0x0000000623000000, 0x0000000623000000, 0x0000000623200000|  0%| F|  |TAMS 0x0000000623000000, 0x0000000623000000| Untracked 
| 246|0x0000000623200000, 0x0000000623200000, 0x0000000623400000|  0%| F|  |TAMS 0x0000000623200000, 0x0000000623200000| Untracked 
| 247|0x0000000623400000, 0x0000000623400000, 0x0000000623600000|  0%| F|  |TAMS 0x0000000623400000, 0x0000000623400000| Untracked 
| 248|0x0000000623600000, 0x0000000623600000, 0x0000000623800000|  0%| F|  |TAMS 0x0000000623600000, 0x0000000623600000| Untracked 
| 249|0x0000000623800000, 0x0000000623800000, 0x0000000623a00000|  0%| F|  |TAMS 0x0000000623800000, 0x0000000623800000| Untracked 
| 250|0x0000000623a00000, 0x0000000623a00000, 0x0000000623c00000|  0%| F|  |TAMS 0x0000000623a00000, 0x0000000623a00000| Untracked 
| 251|0x0000000623c00000, 0x0000000623c00000, 0x0000000623e00000|  0%| F|  |TAMS 0x0000000623c00000, 0x0000000623c00000| Untracked 
| 252|0x0000000623e00000, 0x0000000623e00000, 0x0000000624000000|  0%| F|  |TAMS 0x0000000623e00000, 0x0000000623e00000| Untracked 
| 253|0x0000000624000000, 0x0000000624000000, 0x0000000624200000|  0%| F|  |TAMS 0x0000000624000000, 0x0000000624000000| Untracked 
| 254|0x0000000624200000, 0x0000000624200000, 0x0000000624400000|  0%| F|  |TAMS 0x0000000624200000, 0x0000000624200000| Untracked 
| 255|0x0000000624400000, 0x0000000624400000, 0x0000000624600000|  0%| F|  |TAMS 0x0000000624400000, 0x0000000624400000| Untracked 
| 256|0x0000000624600000, 0x0000000624600000, 0x0000000624800000|  0%| F|  |TAMS 0x0000000624600000, 0x0000000624600000| Untracked 
| 257|0x0000000624800000, 0x0000000624800000, 0x0000000624a00000|  0%| F|  |TAMS 0x0000000624800000, 0x0000000624800000| Untracked 
| 258|0x0000000624a00000, 0x0000000624a00000, 0x0000000624c00000|  0%| F|  |TAMS 0x0000000624a00000, 0x0000000624a00000| Untracked 
| 259|0x0000000624c00000, 0x0000000624c00000, 0x0000000624e00000|  0%| F|  |TAMS 0x0000000624c00000, 0x0000000624c00000| Untracked 
| 260|0x0000000624e00000, 0x0000000624e00000, 0x0000000625000000|  0%| F|  |TAMS 0x0000000624e00000, 0x0000000624e00000| Untracked 
| 261|0x0000000625000000, 0x0000000625000000, 0x0000000625200000|  0%| F|  |TAMS 0x0000000625000000, 0x0000000625000000| Untracked 
| 262|0x0000000625200000, 0x0000000625200000, 0x0000000625400000|  0%| F|  |TAMS 0x0000000625200000, 0x0000000625200000| Untracked 
| 263|0x0000000625400000, 0x0000000625400000, 0x0000000625600000|  0%| F|  |TAMS 0x0000000625400000, 0x0000000625400000| Untracked 
| 264|0x0000000625600000, 0x0000000625600000, 0x0000000625800000|  0%| F|  |TAMS 0x0000000625600000, 0x0000000625600000| Untracked 
| 265|0x0000000625800000, 0x0000000625800000, 0x0000000625a00000|  0%| F|  |TAMS 0x0000000625800000, 0x0000000625800000| Untracked 
| 266|0x0000000625a00000, 0x0000000625a00000, 0x0000000625c00000|  0%| F|  |TAMS 0x0000000625a00000, 0x0000000625a00000| Untracked 
| 267|0x0000000625c00000, 0x0000000625c00000, 0x0000000625e00000|  0%| F|  |TAMS 0x0000000625c00000, 0x0000000625c00000| Untracked 
| 268|0x0000000625e00000, 0x0000000625e00000, 0x0000000626000000|  0%| F|  |TAMS 0x0000000625e00000, 0x0000000625e00000| Untracked 
| 269|0x0000000626000000, 0x0000000626000000, 0x0000000626200000|  0%| F|  |TAMS 0x0000000626000000, 0x0000000626000000| Untracked 
| 270|0x0000000626200000, 0x0000000626200000, 0x0000000626400000|  0%| F|  |TAMS 0x0000000626200000, 0x0000000626200000| Untracked 
| 271|0x0000000626400000, 0x0000000626400000, 0x0000000626600000|  0%| F|  |TAMS 0x0000000626400000, 0x0000000626400000| Untracked 
| 272|0x0000000626600000, 0x0000000626600000, 0x0000000626800000|  0%| F|  |TAMS 0x0000000626600000, 0x0000000626600000| Untracked 
| 273|0x0000000626800000, 0x0000000626800000, 0x0000000626a00000|  0%| F|  |TAMS 0x0000000626800000, 0x0000000626800000| Untracked 
| 274|0x0000000626a00000, 0x0000000626a00000, 0x0000000626c00000|  0%| F|  |TAMS 0x0000000626a00000, 0x0000000626a00000| Untracked 
| 275|0x0000000626c00000, 0x0000000626c00000, 0x0000000626e00000|  0%| F|  |TAMS 0x0000000626c00000, 0x0000000626c00000| Untracked 
| 276|0x0000000626e00000, 0x0000000626e00000, 0x0000000627000000|  0%| F|  |TAMS 0x0000000626e00000, 0x0000000626e00000| Untracked 
| 277|0x0000000627000000, 0x0000000627000000, 0x0000000627200000|  0%| F|  |TAMS 0x0000000627000000, 0x0000000627000000| Untracked 
| 278|0x0000000627200000, 0x0000000627200000, 0x0000000627400000|  0%| F|  |TAMS 0x0000000627200000, 0x0000000627200000| Untracked 
| 279|0x0000000627400000, 0x0000000627400000, 0x0000000627600000|  0%| F|  |TAMS 0x0000000627400000, 0x0000000627400000| Untracked 
| 280|0x0000000627600000, 0x0000000627600000, 0x0000000627800000|  0%| F|  |TAMS 0x0000000627600000, 0x0000000627600000| Untracked 
| 281|0x0000000627800000, 0x0000000627800000, 0x0000000627a00000|  0%| F|  |TAMS 0x0000000627800000, 0x0000000627800000| Untracked 
| 282|0x0000000627a00000, 0x0000000627a00000, 0x0000000627c00000|  0%| F|  |TAMS 0x0000000627a00000, 0x0000000627a00000| Untracked 
| 283|0x0000000627c00000, 0x0000000627c00000, 0x0000000627e00000|  0%| F|  |TAMS 0x0000000627c00000, 0x0000000627c00000| Untracked 
| 284|0x0000000627e00000, 0x0000000627e00000, 0x0000000628000000|  0%| F|  |TAMS 0x0000000627e00000, 0x0000000627e00000| Untracked 
| 285|0x0000000628000000, 0x0000000628000000, 0x0000000628200000|  0%| F|  |TAMS 0x0000000628000000, 0x0000000628000000| Untracked 
| 286|0x0000000628200000, 0x0000000628200000, 0x0000000628400000|  0%| F|  |TAMS 0x0000000628200000, 0x0000000628200000| Untracked 
| 287|0x0000000628400000, 0x0000000628400000, 0x0000000628600000|  0%| F|  |TAMS 0x0000000628400000, 0x0000000628400000| Untracked 
| 288|0x0000000628600000, 0x0000000628600000, 0x0000000628800000|  0%| F|  |TAMS 0x0000000628600000, 0x0000000628600000| Untracked 
| 289|0x0000000628800000, 0x0000000628800000, 0x0000000628a00000|  0%| F|  |TAMS 0x0000000628800000, 0x0000000628800000| Untracked 
| 290|0x0000000628a00000, 0x0000000628a00000, 0x0000000628c00000|  0%| F|  |TAMS 0x0000000628a00000, 0x0000000628a00000| Untracked 
| 291|0x0000000628c00000, 0x0000000628c00000, 0x0000000628e00000|  0%| F|  |TAMS 0x0000000628c00000, 0x0000000628c00000| Untracked 
| 292|0x0000000628e00000, 0x0000000628e00000, 0x0000000629000000|  0%| F|  |TAMS 0x0000000628e00000, 0x0000000628e00000| Untracked 
| 293|0x0000000629000000, 0x0000000629000000, 0x0000000629200000|  0%| F|  |TAMS 0x0000000629000000, 0x0000000629000000| Untracked 
| 294|0x0000000629200000, 0x0000000629200000, 0x0000000629400000|  0%| F|  |TAMS 0x0000000629200000, 0x0000000629200000| Untracked 
| 295|0x0000000629400000, 0x0000000629400000, 0x0000000629600000|  0%| F|  |TAMS 0x0000000629400000, 0x0000000629400000| Untracked 
| 296|0x0000000629600000, 0x0000000629600000, 0x0000000629800000|  0%| F|  |TAMS 0x0000000629600000, 0x0000000629600000| Untracked 
| 297|0x0000000629800000, 0x0000000629a00000, 0x0000000629a00000|100%| E|  |TAMS 0x0000000629800000, 0x0000000629800000| Complete 
| 298|0x0000000629a00000, 0x0000000629c00000, 0x0000000629c00000|100%| E|CS|TAMS 0x0000000629a00000, 0x0000000629a00000| Complete 
| 299|0x0000000629c00000, 0x0000000629e00000, 0x0000000629e00000|100%| E|CS|TAMS 0x0000000629c00000, 0x0000000629c00000| Complete 
| 300|0x0000000629e00000, 0x000000062a000000, 0x000000062a000000|100%| E|CS|TAMS 0x0000000629e00000, 0x0000000629e00000| Complete 
| 301|0x000000062a000000, 0x000000062a200000, 0x000000062a200000|100%| E|CS|TAMS 0x000000062a000000, 0x000000062a000000| Complete 
| 302|0x000000062a200000, 0x000000062a400000, 0x000000062a400000|100%| E|CS|TAMS 0x000000062a200000, 0x000000062a200000| Complete 
| 303|0x000000062a400000, 0x000000062a600000, 0x000000062a600000|100%| E|CS|TAMS 0x000000062a400000, 0x000000062a400000| Complete 
| 304|0x000000062a600000, 0x000000062a800000, 0x000000062a800000|100%| E|CS|TAMS 0x000000062a600000, 0x000000062a600000| Complete 

Card table byte_map: [0x0000022c91310000,0x0000022c922f0000] _byte_map_base: 0x0000022c8e2ed000

Marking Bits (Prev, Next): (CMBitMap*) 0x0000022cffa85e48, (CMBitMap*) 0x0000022cffa85e80
 Prev Bits: [0x0000022c932d0000, 0x0000022c9b1b8000)
 Next Bits: [0x0000022c9b1c0000, 0x0000022ca30a8000)

Polling page: 0x0000022cf9790000

Metaspace:

Usage:
  Non-class:     45.29 MB capacity,    44.48 MB ( 98%) used,   629.60 KB (  1%) free+waste,   200.00 KB ( <1%) overhead. 
      Class:      7.25 MB capacity,     6.49 MB ( 90%) used,   661.28 KB (  9%) free+waste,   115.00 KB (  2%) overhead. 
       Both:     52.54 MB capacity,    50.97 MB ( 97%) used,     1.26 MB (  2%) free+waste,   315.00 KB ( <1%) overhead. 

Virtual space:
  Non-class space:       46.00 MB reserved,      45.50 MB ( 99%) committed 
      Class space:        1.00 GB reserved,       7.30 MB ( <1%) committed 
             Both:        1.04 GB reserved,      52.80 MB (  5%) committed 

Chunk freelists:
   Non-Class:  21.00 KB
       Class:  1.00 KB
        Both:  22.00 KB

MaxMetaspaceSize: 17179869184.00 GB
CompressedClassSpaceSize: 1.00 GB
Initial GC threshold: 20.80 MB
Current GC threshold: 58.62 MB
CDS: off

CodeHeap 'non-profiled nmethods': size=119168Kb used=5286Kb max_used=5286Kb free=113881Kb
 bounds [0x0000022c87ba0000, 0x0000022c880d0000, 0x0000022c8f000000]
CodeHeap 'profiled nmethods': size=119168Kb used=11665Kb max_used=11665Kb free=107502Kb
 bounds [0x0000022c80740000, 0x0000022c812b0000, 0x0000022c87ba0000]
CodeHeap 'non-nmethods': size=7424Kb used=3523Kb max_used=3581Kb free=3900Kb
 bounds [0x0000022c80000000, 0x0000022c80390000, 0x0000022c80740000]
 total_blobs=6021 nmethods=4826 adapters=1111
 compilation: enabled
              stopped_count=0, restarted_count=0
 full_count=0

Compilation events (20 events):
Event: 2.837 Thread 0x0000022caa17a800 4845       4       java.lang.ref.Cleaner::register (25 bytes)
Event: 2.838 Thread 0x0000022caa17a800 nmethod 4845 0x0000022c880c7e90 code [0x0000022c880c8040, 0x0000022c880c8288]
Event: 2.840 Thread 0x0000022ca8b38000 4846   !   3       java.lang.invoke.LambdaForm::compileToBytecode (162 bytes)
Event: 2.840 Thread 0x0000022caa325000 4847       4       sun.nio.fs.NativeBuffers::getNativeBufferFromCache (51 bytes)
Event: 2.840 Thread 0x0000022ca8b38000 nmethod 4846 0x0000022c8129e010 code [0x0000022c8129e3e0, 0x0000022c8129fc58]
Event: 2.841 Thread 0x0000022ca6c2e000 4848       3       sun.nio.ch.Util::isBufferTooLarge (15 bytes)
Event: 2.841 Thread 0x0000022ca8533000 4849       1       java.nio.DirectByteBuffer::isDirect (2 bytes)
Event: 2.841 Thread 0x0000022ca8533000 nmethod 4849 0x0000022c880c8510 code [0x0000022c880c86c0, 0x0000022c880c8778]
Event: 2.841 Thread 0x0000022ca6c2e000 nmethod 4848 0x0000022c812a1010 code [0x0000022c812a11c0, 0x0000022c812a1318]
Event: 2.842 Thread 0x0000022caa325000 nmethod 4847 0x0000022c880c8810 code [0x0000022c880c89c0, 0x0000022c880c8d18]
Event: 2.846 Thread 0x0000022ca769b800 4850       3       com.sun.crypto.provider.AESCrypt::implEncryptBlock (953 bytes)
Event: 2.846 Thread 0x0000022ca8b38000 4851       3       sun.misc.Unsafe::putLong (11 bytes)
Event: 2.846 Thread 0x0000022ca8533000 4852       3       org.lwjgl.system.MemoryUtil::memPutAddress (29 bytes)
Event: 2.846 Thread 0x0000022ca8b38000 nmethod 4851 0x0000022c812a1410 code [0x0000022c812a15c0, 0x0000022c812a16b8]
Event: 2.846 Thread 0x0000022caa17a800 4854       4       sun.misc.Unsafe::putLong (11 bytes)
Event: 2.846 Thread 0x0000022caa325000 4853       4       java.lang.Integer::toUnsignedLong (7 bytes)
Event: 2.846 Thread 0x0000022ca8533000 nmethod 4852 0x0000022c812a1790 code [0x0000022c812a1940, 0x0000022c812a1b38]
Event: 2.846 Thread 0x0000022caa325000 nmethod 4853 0x0000022c880c9390 code [0x0000022c880c9520, 0x0000022c880c9558]
Event: 2.846 Thread 0x0000022ca769b800 nmethod 4850 0x0000022c812a1c90 code [0x0000022c812a1f00, 0x0000022c812a2ef8]
Event: 2.846 Thread 0x0000022caa17a800 nmethod 4854 0x0000022c880c9690 code [0x0000022c880c9820, 0x0000022c880c98b8]

GC Heap History (14 events):
Event: 0.271 GC heap before
{Heap before GC invocations=0 (full 0):
 garbage-first heap   total 520192K, used 24576K [0x0000000604600000, 0x0000000800000000)
  region size 2048K, 12 young (24576K), 0 survivors (0K)
 Metaspace       used 11195K, capacity 11343K, committed 11648K, reserved 1060864K
  class space    used 1034K, capacity 1095K, committed 1152K, reserved 1048576K
}
Event: 0.274 GC heap after
{Heap after GC invocations=1 (full 0):
 garbage-first heap   total 520192K, used 7813K [0x0000000604600000, 0x0000000800000000)
  region size 2048K, 2 young (4096K), 2 survivors (4096K)
 Metaspace       used 11195K, capacity 11343K, committed 11648K, reserved 1060864K
  class space    used 1034K, capacity 1095K, committed 1152K, reserved 1048576K
}
Event: 0.657 GC heap before
{Heap before GC invocations=1 (full 0):
 garbage-first heap   total 520192K, used 63109K [0x0000000604600000, 0x0000000800000000)
  region size 2048K, 24 young (49152K), 2 survivors (4096K)
 Metaspace       used 20822K, capacity 21199K, committed 21296K, reserved 1069056K
  class space    used 2200K, capacity 2337K, committed 2352K, reserved 1048576K
}
Event: 0.660 GC heap after
{Heap after GC invocations=2 (full 0):
 garbage-first heap   total 520192K, used 22807K [0x0000000604600000, 0x0000000800000000)
  region size 2048K, 4 young (8192K), 4 survivors (8192K)
 Metaspace       used 20822K, capacity 21199K, committed 21296K, reserved 1069056K
  class space    used 2200K, capacity 2337K, committed 2352K, reserved 1048576K
}
Event: 0.812 GC heap before
{Heap before GC invocations=3 (full 0):
 garbage-first heap   total 520192K, used 76055K [0x0000000604600000, 0x0000000800000000)
  region size 2048K, 30 young (61440K), 4 survivors (8192K)
 Metaspace       used 22728K, capacity 23152K, committed 23472K, reserved 1071104K
  class space    used 2495K, capacity 2670K, committed 2736K, reserved 1048576K
}
Event: 0.816 GC heap after
{Heap after GC invocations=4 (full 0):
 garbage-first heap   total 520192K, used 28459K [0x0000000604600000, 0x0000000800000000)
  region size 2048K, 4 young (8192K), 4 survivors (8192K)
 Metaspace       used 22728K, capacity 23152K, committed 23472K, reserved 1071104K
  class space    used 2495K, capacity 2670K, committed 2736K, reserved 1048576K
}
Event: 0.900 GC heap before
{Heap before GC invocations=4 (full 0):
 garbage-first heap   total 520192K, used 116523K [0x0000000604600000, 0x0000000800000000)
  region size 2048K, 47 young (96256K), 4 survivors (8192K)
 Metaspace       used 22728K, capacity 23152K, committed 23472K, reserved 1071104K
  class space    used 2495K, capacity 2670K, committed 2736K, reserved 1048576K
}
Event: 0.904 GC heap after
{Heap after GC invocations=5 (full 0):
 garbage-first heap   total 520192K, used 34210K [0x0000000604600000, 0x0000000800000000)
  region size 2048K, 6 young (12288K), 6 survivors (12288K)
 Metaspace       used 22728K, capacity 23152K, committed 23472K, reserved 1071104K
  class space    used 2495K, capacity 2670K, committed 2736K, reserved 1048576K
}
Event: 1.026 GC heap before
{Heap before GC invocations=5 (full 0):
 garbage-first heap   total 520192K, used 148898K [0x0000000604600000, 0x0000000800000000)
  region size 2048K, 62 young (126976K), 6 survivors (12288K)
 Metaspace       used 23664K, capacity 24081K, committed 24368K, reserved 1071104K
  class space    used 2651K, capacity 2830K, committed 2864K, reserved 1048576K
}
Event: 1.035 GC heap after
{Heap after GC invocations=6 (full 0):
 garbage-first heap   total 624640K, used 43514K [0x0000000604600000, 0x0000000800000000)
  region size 2048K, 8 young (16384K), 8 survivors (16384K)
 Metaspace       used 23664K, capacity 24081K, committed 24368K, reserved 1071104K
  class space    used 2651K, capacity 2830K, committed 2864K, reserved 1048576K
}
Event: 1.866 GC heap before
{Heap before GC invocations=6 (full 0):
 garbage-first heap   total 624640K, used 164346K [0x0000000604600000, 0x0000000800000000)
  region size 2048K, 68 young (139264K), 8 survivors (16384K)
 Metaspace       used 34977K, capacity 35570K, committed 35632K, reserved 1081344K
  class space    used 4086K, capacity 4352K, committed 4400K, reserved 1048576K
}
Event: 1.872 GC heap after
{Heap after GC invocations=7 (full 0):
 garbage-first heap   total 624640K, used 51605K [0x0000000604600000, 0x0000000800000000)
  region size 2048K, 10 young (20480K), 10 survivors (20480K)
 Metaspace       used 34977K, capacity 35570K, committed 35632K, reserved 1081344K
  class space    used 4086K, capacity 4352K, committed 4400K, reserved 1048576K
}
Event: 2.702 GC heap before
{Heap before GC invocations=8 (full 0):
 garbage-first heap   total 624640K, used 209301K [0x0000000604600000, 0x0000000800000000)
  region size 2048K, 87 young (178176K), 10 survivors (20480K)
 Metaspace       used 49149K, capacity 50703K, committed 50864K, reserved 1093632K
  class space    used 6306K, capacity 7053K, committed 7088K, reserved 1048576K
}
Event: 2.708 GC heap after
{Heap after GC invocations=9 (full 0):
 garbage-first heap   total 624640K, used 63532K [0x0000000604600000, 0x0000000800000000)
  region size 2048K, 10 young (20480K), 10 survivors (20480K)
 Metaspace       used 49149K, capacity 50703K, committed 50864K, reserved 1093632K
  class space    used 6306K, capacity 7053K, committed 7088K, reserved 1048576K
}

Deoptimization events (20 events):
Event: 2.804 Thread 0x0000022cb2c69800 DEOPT PACKING pc=0x0000022c81229dec sp=0x000000e6315fddc0
Event: 2.804 Thread 0x0000022cb2c69800 DEOPT UNPACKING pc=0x0000022c8004a95e sp=0x000000e6315fd360 mode 1
Event: 2.822 Thread 0x0000022cff9f5000 DEOPT PACKING pc=0x0000022c81229dec sp=0x000000e62d3fe030
Event: 2.822 Thread 0x0000022cff9f5000 DEOPT UNPACKING pc=0x0000022c8004a95e sp=0x000000e62d3fd5d0 mode 1
Event: 2.833 Thread 0x0000022cff9f5000 Uncommon trap: trap_request=0xffffff4d fr.pc=0x0000022c8804cad8 relative=0x00000000000000b8
Event: 2.833 Thread 0x0000022cff9f5000 Uncommon trap: reason=unstable_if action=reinterpret pc=0x0000022c8804cad8 method=java.lang.CharacterDataLatin1.digit(II)I @ 7 c2
Event: 2.833 Thread 0x0000022cff9f5000 DEOPT PACKING pc=0x0000022c8804cad8 sp=0x000000e62d3fee90
Event: 2.833 Thread 0x0000022cff9f5000 DEOPT UNPACKING pc=0x0000022c8004a1af sp=0x000000e62d3fed60 mode 2
Event: 2.841 Thread 0x0000022cff9f5000 DEOPT PACKING pc=0x0000022c80d5e5bc sp=0x000000e62d3fd970
Event: 2.841 Thread 0x0000022cff9f5000 DEOPT UNPACKING pc=0x0000022c8004a95e sp=0x000000e62d3fce38 mode 1
Event: 2.841 Thread 0x0000022cff9f5000 DEOPT PACKING pc=0x0000022c80d5f3b4 sp=0x000000e62d3fda00
Event: 2.841 Thread 0x0000022cff9f5000 DEOPT UNPACKING pc=0x0000022c8004a95e sp=0x000000e62d3fcf18 mode 1
Event: 2.843 Thread 0x0000022cff9f5000 DEOPT PACKING pc=0x0000022c80d5e5bc sp=0x000000e62d3fd710
Event: 2.843 Thread 0x0000022cff9f5000 DEOPT UNPACKING pc=0x0000022c8004a95e sp=0x000000e62d3fcbd8 mode 1
Event: 2.843 Thread 0x0000022cff9f5000 DEOPT PACKING pc=0x0000022c80d5f3b4 sp=0x000000e62d3fd7a0
Event: 2.843 Thread 0x0000022cff9f5000 DEOPT UNPACKING pc=0x0000022c8004a95e sp=0x000000e62d3fccb8 mode 1
Event: 2.844 Thread 0x0000022cff9f5000 DEOPT PACKING pc=0x0000022c808b8e2c sp=0x000000e62d3fc3a0
Event: 2.844 Thread 0x0000022cff9f5000 DEOPT UNPACKING pc=0x0000022c8004a95e sp=0x000000e62d3fb838 mode 1
Event: 2.844 Thread 0x0000022cff9f5000 DEOPT PACKING pc=0x0000022c808b75e4 sp=0x000000e62d3fc470
Event: 2.844 Thread 0x0000022cff9f5000 DEOPT UNPACKING pc=0x0000022c8004a95e sp=0x000000e62d3fb928 mode 1

Classes redefined (1 events):
Event: 0.095 Thread 0x0000022ca6b8f000 redefined class name=java.lang.Throwable, count=1

Internal exceptions (20 events):
Event: 2.280 Thread 0x0000022cff9f5000 Exception <a 'java/lang/NoSuchMethodError'{0x0000000624d264f8}: 'java.lang.Object java.lang.invoke.DirectMethodHandle$Holder.invokeSpecial(java.lang.Object, java.lang.Object, java.lang.Object, java.lang.Object, int)'> (0x0000000624d264f8) thrown at [src/hotspot/share/interpreter/linkResolver.cpp, line 779]
Event: 2.280 Thread 0x0000022cff9f5000 Exception <a 'java/lang/NoSuchMethodError'{0x0000000624d29580}: 'java.lang.Object java.lang.invoke.Invokers$Holder.linkToTargetMethod(java.lang.Object, java.lang.Object, int, java.lang.Object)'> (0x0000000624d29580) thrown at [src/hotspot/share/interpreter/linkResolver.cpp, line 779]
Event: 2.347 Thread 0x0000022cff9f5000 Exception <a 'java/lang/NoSuchMethodError'{0x00000006249add78}: 'void java.lang.invoke.DirectMethodHandle$Holder.invokeStatic(java.lang.Object, int, java.lang.Object)'> (0x00000006249add78) thrown at [src/hotspot/share/interpreter/linkResolver.cpp, line 779]
Event: 2.370 Thread 0x0000022cb1c2b000 Implicit null exception at 0x0000022c87df6059 to 0x0000022c87df6e4c
Event: 2.370 Thread 0x0000022cb1c2b000 Implicit null exception at 0x0000022c87dcda53 to 0x0000022c87dce2b8
Event: 2.370 Thread 0x0000022cb1c2b000 Exception <a 'sun/nio/fs/WindowsException'{0x00000006245a4488}> (0x00000006245a4488) thrown at [src/hotspot/share/prims/jni.cpp, line 618]
Event: 2.370 Thread 0x0000022cb1c2b000 Implicit null exception at 0x0000022c87db368b to 0x0000022c87db39f0
Event: 2.386 Thread 0x0000022cb1c2b000 Exception <a 'java/lang/NoSuchMethodError'{0x0000000623e96088}: 'java.lang.Object java.lang.invoke.DirectMethodHandle$Holder.newInvokeSpecial(java.lang.Object, int)'> (0x0000000623e96088) thrown at [src/hotspot/share/interpreter/linkResolver.cpp, line 779]
Event: 2.395 Thread 0x0000022cff9f5000 Exception <a 'java/lang/NoSuchMethodError'{0x0000000623d0ee80}: 'java.lang.Object java.lang.invoke.DirectMethodHandle$Holder.invokeSpecial(java.lang.Object, java.lang.Object, java.lang.Object, java.lang.Object, java.lang.Object, java.lang.Object, java.lang.Object, java.lang.Object, java.lang.Object)'> (0x0000000623d0ee80) thrown at [src/hotspot/share/interpreter/linkResolver.cpp, line 779]
Event: 2.395 Thread 0x0000022cff9f5000 Exception <a 'java/lang/NoSuchMethodError'{0x0000000623d12df0}: 'java.lang.Object java.lang.invoke.Invokers$Holder.linkToTargetMethod(java.lang.Object, java.lang.Object, java.lang.Object, java.lang.Object, java.lang.Object, java.lang.Object, java.lang.Object, java.lang.Object)'> (0x0000000623d12df0) thrown at [src/hotspot/share/interpreter/linkResolver.cpp, line 779]
Event: 2.398 Thread 0x0000022cb1c2b000 Exception <a 'java/lang/NoSuchMethodError'{0x0000000623a212e0}: 'int java.lang.invoke.DirectMethodHandle$Holder.invokeStaticInit(java.lang.Object, java.lang.Object, java.lang.Object)'> (0x0000000623a212e0) thrown at [src/hotspot/share/interpreter/linkResolver.cpp, line 779]
Event: 2.431 Thread 0x0000022cff9f5000 Exception <a 'java/lang/NoSuchMethodError'{0x00000006234c5a80}: 'int java.lang.invoke.DirectMethodHandle$Holder.invokeStaticInit(java.lang.Object, int)'> (0x00000006234c5a80) thrown at [src/hotspot/share/interpreter/linkResolver.cpp, line 779]
Event: 2.577 Thread 0x0000022cb2c69800 Implicit null exception at 0x0000022c87e176c9 to 0x0000022c87e18660
Event: 2.577 Thread 0x0000022cb2c69800 Implicit null exception at 0x0000022c87db1bfe to 0x0000022c87db1e48
Event: 2.577 Thread 0x0000022cb2c69800 Exception <a 'sun/nio/fs/WindowsException'{0x0000000620304d90}> (0x0000000620304d90) thrown at [src/hotspot/share/prims/jni.cpp, line 618]
Event: 2.586 Thread 0x0000022cb2c69800 Exception <a 'java/lang/NoSuchMethodError'{0x000000062032feb8}: 'int java.lang.invoke.DirectMethodHandle$Holder.invokeStaticInit(java.lang.Object, java.lang.Object, java.lang.Object, java.lang.Object)'> (0x000000062032feb8) thrown at [src/hotspot/share/interpreter/linkResolver.cpp, line 779]
Event: 2.841 Thread 0x0000022cff9f5000 Exception <a 'sun/nio/fs/WindowsException'{0x0000000629838328}> (0x0000000629838328) thrown at [src/hotspot/share/prims/jni.cpp, line 618]
Event: 2.841 Thread 0x0000022cff9f5000 Exception <a 'sun/nio/fs/WindowsException'{0x00000006298384d0}> (0x00000006298384d0) thrown at [src/hotspot/share/prims/jni.cpp, line 618]
Event: 2.843 Thread 0x0000022cff9f5000 Exception <a 'sun/nio/fs/WindowsException'{0x0000000629854d88}> (0x0000000629854d88) thrown at [src/hotspot/share/prims/jni.cpp, line 618]
Event: 2.843 Thread 0x0000022cff9f5000 Exception <a 'sun/nio/fs/WindowsException'{0x0000000629854ef0}> (0x0000000629854ef0) thrown at [src/hotspot/share/prims/jni.cpp, line 618]

Events (20 events):
Event: 2.844 loading class org/lwjgl/system/MemoryManage$StdlibAllocator
Event: 2.844 loading class org/lwjgl/system/MemoryManage$StdlibAllocator done
Event: 2.844 loading class org/lwjgl/system/MemoryManage$DebugAllocator
Event: 2.844 loading class org/lwjgl/system/MemoryManage$DebugAllocator done
Event: 2.844 loading class org/lwjgl/system/libc/LibCStdlib
Event: 2.844 loading class org/lwjgl/system/libc/LibCStdlib done
Event: 2.845 loading class org/lwjgl/opengl/GL$1
Event: 2.845 loading class org/lwjgl/opengl/GL$1 done
Event: 2.845 Executing VM operation: RevokeBias
Event: 2.845 loading class org/lwjgl/system/SharedLibrary$Delegate
Event: 2.845 Executing VM operation: RevokeBias done
Event: 2.845 loading class org/lwjgl/system/SharedLibrary$Delegate done
Event: 2.845 Thread 0x0000022cb2c6a800 Thread added: 0x0000022cb2c6a800
Event: 2.845 Executing VM operation: RevokeBias
Event: 2.845 Executing VM operation: RevokeBias done
Event: 2.845 Executing VM operation: RevokeBias
Event: 2.845 Executing VM operation: RevokeBias done
Event: 2.845 Thread 0x0000022cb2c6a800 Thread exited: 0x0000022cb2c6a800
Event: 2.846 loading class org/lwjgl/opengl/GL11C
Event: 2.846 loading class org/lwjgl/opengl/GL11C done


Dynamic libraries:
0x00007ff631330000 - 0x00007ff63133a000 	C:\Users\disd129108\.jdks\jbr_dcevm-11.0.16\bin\java.exe
0x00007ffab3aa0000 - 0x00007ffab3d07000 	C:\WINDOWS\SYSTEM32\ntdll.dll
0x00007ffab2bc0000 - 0x00007ffab2c89000 	C:\WINDOWS\System32\KERNEL32.DLL
0x00007ffab0e90000 - 0x00007ffab1280000 	C:\WINDOWS\System32\KERNELBASE.dll
0x00007ffab16e0000 - 0x00007ffab182b000 	C:\WINDOWS\System32\ucrtbase.dll
0x00007ffaace30000 - 0x00007ffaace49000 	C:\Users\disd129108\.jdks\jbr_dcevm-11.0.16\bin\jli.dll
0x00007ffaacb90000 - 0x00007ffaacba6000 	C:\Users\disd129108\.jdks\jbr_dcevm-11.0.16\bin\VCRUNTIME140.dll
0x00007ffab3700000 - 0x00007ffab38c5000 	C:\WINDOWS\System32\USER32.dll
0x00007ffa95760000 - 0x00007ffa959fa000 	C:\WINDOWS\WinSxS\amd64_microsoft.windows.common-controls_6595b64144ccf1df_6.0.26100.4768_none_3e0c112ce331287c\COMCTL32.dll
0x00007ffab0dd0000 - 0x00007ffab0df7000 	C:\WINDOWS\System32\win32u.dll
0x00007ffab3460000 - 0x00007ffab3509000 	C:\WINDOWS\System32\msvcrt.dll
0x00007ffab3990000 - 0x00007ffab39bb000 	C:\WINDOWS\System32\GDI32.dll
0x00007ffab0bd0000 - 0x00007ffab0d08000 	C:\WINDOWS\System32\gdi32full.dll
0x00007ffab1410000 - 0x00007ffab14b3000 	C:\WINDOWS\System32\msvcp_win.dll
0x00007ffab33f0000 - 0x00007ffab341f000 	C:\WINDOWS\System32\IMM32.DLL
0x00007ffa69d80000 - 0x00007ffa69e2a000 	C:\Users\disd129108\.jdks\jbr_dcevm-11.0.16\bin\msvcp140.dll
0x00007ffa68910000 - 0x00007ffa6949b000 	C:\Users\disd129108\.jdks\jbr_dcevm-11.0.16\bin\server\jvm.dll
0x00007ffab38d0000 - 0x00007ffab3984000 	C:\WINDOWS\System32\ADVAPI32.dll
0x00007ffab3650000 - 0x00007ffab36f6000 	C:\WINDOWS\System32\sechost.dll
0x00007ffab2e40000 - 0x00007ffab2f58000 	C:\WINDOWS\System32\RPCRT4.dll
0x00007ffab3510000 - 0x00007ffab3518000 	C:\WINDOWS\System32\PSAPI.DLL
0x00007ffaa9850000 - 0x00007ffaa985b000 	C:\WINDOWS\SYSTEM32\VERSION.dll
0x00007ffaad990000 - 0x00007ffaad9c5000 	C:\WINDOWS\SYSTEM32\WINMM.dll
0x00007ffaa4a50000 - 0x00007ffaa4a5a000 	C:\WINDOWS\SYSTEM32\WSOCK32.dll
0x00007ffab21a0000 - 0x00007ffab2214000 	C:\WINDOWS\System32\WS2_32.dll
0x00007ffaaf900000 - 0x00007ffaaf91b000 	C:\WINDOWS\SYSTEM32\kernel.appcore.dll
0x00007ffaa4a30000 - 0x00007ffaa4a41000 	C:\Users\disd129108\.jdks\jbr_dcevm-11.0.16\bin\verify.dll
0x00007ffaade70000 - 0x00007ffaae0b1000 	C:\WINDOWS\SYSTEM32\DBGHELP.DLL
0x00007ffab1840000 - 0x00007ffab1bc5000 	C:\WINDOWS\System32\combase.dll
0x00007ffab1bd0000 - 0x00007ffab1cb0000 	C:\WINDOWS\System32\OLEAUT32.dll
0x00007ffaaced0000 - 0x00007ffaacf13000 	C:\WINDOWS\SYSTEM32\dbgcore.DLL
0x00007ffab14c0000 - 0x00007ffab1559000 	C:\WINDOWS\System32\bcryptPrimitives.dll
0x00007ffa96810000 - 0x00007ffa96839000 	C:\Users\disd129108\.jdks\jbr_dcevm-11.0.16\bin\java.dll
0x00007ffaa4a20000 - 0x00007ffaa4a2b000 	C:\Users\disd129108\.jdks\jbr_dcevm-11.0.16\bin\jimage.dll
0x00007ffa99ae0000 - 0x00007ffa99b19000 	C:\Users\disd129108\.jdks\jbr_dcevm-11.0.16\bin\jdwp.dll
0x00007ffaacc00000 - 0x00007ffaacc0f000 	C:\Users\disd129108\.jdks\jbr_dcevm-11.0.16\bin\instrument.dll
0x00007ffa66d40000 - 0x00007ffa66f51000 	C:\Users\disd129108\AppData\Local\Temp\idea_libasyncProfiler_dll_temp_folder\libasyncProfiler.dll
0x00007ffa87b50000 - 0x00007ffa87b69000 	C:\Users\disd129108\.jdks\jbr_dcevm-11.0.16\bin\zip.dll
0x00007ffab2470000 - 0x00007ffab2bbd000 	C:\WINDOWS\System32\SHELL32.dll
0x00007ffab1560000 - 0x00007ffab16d3000 	C:\WINDOWS\System32\wintypes.dll
0x00007ffaae430000 - 0x00007ffaaec90000 	C:\WINDOWS\SYSTEM32\windows.storage.dll
0x00007ffab2370000 - 0x00007ffab2465000 	C:\WINDOWS\System32\SHCORE.dll
0x00007ffab1cc0000 - 0x00007ffab1d2a000 	C:\WINDOWS\System32\shlwapi.dll
0x00007ffab0af0000 - 0x00007ffab0b19000 	C:\WINDOWS\SYSTEM32\profapi.dll
0x00007ffaacb80000 - 0x00007ffaacb8b000 	C:\Users\disd129108\.jdks\jbr_dcevm-11.0.16\bin\dt_socket.dll
0x00007ffaaffa0000 - 0x00007ffab000b000 	C:\WINDOWS\system32\mswsock.dll
0x00007ffa869e0000 - 0x00007ffa869fa000 	C:\Users\disd129108\.jdks\jbr_dcevm-11.0.16\bin\net.dll
0x00007ffaaf920000 - 0x00007ffaafa3e000 	C:\WINDOWS\SYSTEM32\WINHTTP.dll
0x00007ffa869c0000 - 0x00007ffa869d4000 	C:\Users\disd129108\.jdks\jbr_dcevm-11.0.16\bin\nio.dll
0x00007ffa99670000 - 0x00007ffa9967a000 	C:\Users\disd129108\.jdks\jbr_dcevm-11.0.16\bin\management.dll
0x00007ffa99660000 - 0x00007ffa9966d000 	C:\Users\disd129108\.jdks\jbr_dcevm-11.0.16\bin\management_ext.dll
0x00007ffa8ec00000 - 0x00007ffa8ec18000 	C:\WINDOWS\system32\napinsp.dll
0x00007ffaaf050000 - 0x00007ffaaf176000 	C:\WINDOWS\SYSTEM32\DNSAPI.dll
0x00007ffaaefc0000 - 0x00007ffaaeff3000 	C:\WINDOWS\SYSTEM32\IPHLPAPI.DLL
0x00007ffab1db0000 - 0x00007ffab1dba000 	C:\WINDOWS\System32\NSI.dll
0x00007ffa90860000 - 0x00007ffa90872000 	C:\WINDOWS\System32\winrnr.dll
0x00007ffa8f060000 - 0x00007ffa8f090000 	C:\WINDOWS\system32\nlansp_c.dll
0x00007ffaa9740000 - 0x00007ffaa9760000 	C:\WINDOWS\system32\wshbth.dll
0x00007ffaaa7f0000 - 0x00007ffaaa7fb000 	C:\Windows\System32\rasadhlp.dll
0x00007ffaaab30000 - 0x00007ffaaabb6000 	C:\WINDOWS\System32\fwpuclnt.dll
0x00007ffab0380000 - 0x00007ffab039b000 	C:\WINDOWS\SYSTEM32\CRYPTSP.dll
0x00007ffaaf860000 - 0x00007ffaaf89b000 	C:\WINDOWS\system32\rsaenh.dll
0x00007ffab0040000 - 0x00007ffab006b000 	C:\WINDOWS\SYSTEM32\USERENV.dll
0x00007ffab0ac0000 - 0x00007ffab0ae6000 	C:\WINDOWS\SYSTEM32\bcrypt.dll
0x00007ffab01e0000 - 0x00007ffab01ec000 	C:\WINDOWS\SYSTEM32\CRYPTBASE.dll
0x00007ffaaa950000 - 0x00007ffaaa96f000 	C:\WINDOWS\SYSTEM32\dhcpcsvc6.DLL
0x00007ffaaa920000 - 0x00007ffaaa945000 	C:\WINDOWS\SYSTEM32\dhcpcsvc.DLL
0x00007ffa8b970000 - 0x00007ffa8bb15000 	C:\Users\disd129108\.jdks\jbr_dcevm-11.0.16\bin\awt.dll
0x00007ffaad3f0000 - 0x00007ffaad425000 	C:\WINDOWS\SYSTEM32\dwmapi.dll
0x00007ffaaca90000 - 0x00007ffaacb2e000 	C:\WINDOWS\SYSTEM32\apphelp.dll
0x00007ffa91a10000 - 0x00007ffa91a8a000 	C:\Users\disd129108\AppData\Local\Temp\lwjgl_disd129108\3.3.2-snapshot\x64\lwjgl.dll
0x00007ffa8b8e0000 - 0x00007ffa8b962000 	C:\Users\DISD12~2\AppData\Local\Temp\lwjgl_disd129108\3.3.2-snapshot\x64\glfw.dll
0x00007ffa99a90000 - 0x00007ffa99ad2000 	C:\Users\disd129108\AppData\Local\Temp\jna--414139945\jna16945009612603185795.dll
0x00007ffa86a30000 - 0x00007ffa86acc000 	C:\Users\disd129108\AppData\Local\Temp\discord-rpc\discord-rpc.dll
0x00007ffa86990000 - 0x00007ffa869b8000 	C:\Users\disd129108\.jdks\jbr_dcevm-11.0.16\bin\sunec.dll
0x00007ffa86980000 - 0x00007ffa8698f000 	C:\Users\disd129108\.jdks\jbr_dcevm-11.0.16\bin\sunmscapi.dll
0x00007ffab1290000 - 0x00007ffab1407000 	C:\WINDOWS\System32\CRYPT32.dll
0x00007ffab04e0000 - 0x00007ffab0510000 	C:\WINDOWS\SYSTEM32\ncrypt.dll
0x00007ffab0490000 - 0x00007ffab04cf000 	C:\WINDOWS\SYSTEM32\NTASN1.dll
0x00007ffa8b880000 - 0x00007ffa8b8de000 	C:\Users\disd129108\AppData\Local\Temp\lwjgl_disd129108\3.3.2-snapshot\x64\lwjgl_opengl.dll
0x00007ffa667e0000 - 0x00007ffa668f8000 	C:\WINDOWS\SYSTEM32\opengl32.dll
0x00007ffa7f250000 - 0x00007ffa7f27d000 	C:\WINDOWS\SYSTEM32\GLU32.dll
0x00007ffaad210000 - 0x00007ffaad25d000 	C:\WINDOWS\SYSTEM32\dxcore.dll

dbghelp: loaded successfully - version: 4.0.5 - missing functions: none
symbol engine: initialized successfully - sym options: 0x614 - pdb path: .;C:\Users\disd129108\.jdks\jbr_dcevm-11.0.16\bin;C:\WINDOWS\SYSTEM32;C:\WINDOWS\WinSxS\amd64_microsoft.windows.common-controls_6595b64144ccf1df_6.0.26100.4768_none_3e0c112ce331287c;C:\Users\disd129108\.jdks\jbr_dcevm-11.0.16\bin\server;C:\Users\disd129108\AppData\Local\Temp\idea_libasyncProfiler_dll_temp_folder;C:\Users\disd129108\AppData\Local\Temp\lwjgl_disd129108\3.3.2-snapshot\x64;C:\Users\DISD12~2\AppData\Local\Temp\lwjgl_disd129108\3.3.2-snapshot\x64;C:\Users\disd129108\AppData\Local\Temp\jna--414139945;C:\Users\disd129108\AppData\Local\Temp\discord-rpc

VM Arguments:
jvm_args: -agentlib:jdwp=transport=dt_socket,address=127.0.0.1:64605,suspend=y,server=n -javaagent:C:\Users\disd129108\AppData\Local\JetBrains\IdeaIC2025.2\captureAgent\debugger-agent.jar=file:///C:/Users/DISD12~2/AppData/Local/Temp/capture4940239040887023857.props -agentpath:C:\Users\disd129108\AppData\Local\Temp\idea_libasyncProfiler_dll_temp_folder\libasyncProfiler.dll=version,jfr,event=wall,interval=10ms,cstack=no,file=C:\Users\disd129108\IdeaSnapshots\Unnamed_2025_09_02_110039.jfr,dbghelppath=C:\Users\disd129108\AppData\Local\Temp\idea_dbghelp_dll_temp_folder\dbghelp.dll,log=C:\Users\disd129108\AppData\Local\Temp\Unnamed_2025_09_02_110039.jfr.log.txt,logLevel=DEBUG -Dkotlinx.coroutines.debug.enable.creation.stack.trace=false -Ddebugger.agent.enable.coroutines=true -Dkotlinx.coroutines.debug.enable.flows.stack.trace=true -Dkotlinx.coroutines.debug.enable.mutable.state.flows.stack.trace=true -Dfile.encoding=UTF-8 
java_command: Start
java_class_path (initial): C:\Users\disd129108\Documents\GitHub\NekitoRecoded\target\classes;C:\Users\disd129108\.m2\repository\org\reflections\reflections\0.10.2\reflections-0.10.2.jar;C:\Users\disd129108\.m2\repository\org\javassist\javassist\3.28.0-GA\javassist-3.28.0-GA.jar;C:\Users\disd129108\.m2\repository\com\google\code\findbugs\jsr305\3.0.2\jsr305-3.0.2.jar;C:\Users\disd129108\.m2\repository\org\slf4j\slf4j-api\1.7.32\slf4j-api-1.7.32.jar;C:\Users\disd129108\.m2\repository\com\github\ZeroMemes\Alpine\3.1.0\Alpine-3.1.0.jar;C:\Users\disd129108\.m2\repository\it\unimi\dsi\fastutil\8.5.12\fastutil-8.5.12.jar;C:\Users\disd129108\.m2\repository\net\jodah\typetools\0.6.3\typetools-0.6.3.jar;C:\Users\disd129108\.m2\repository\org\jetbrains\annotations\24.0.1\annotations-24.0.1.jar;C:\Users\disd129108\.m2\repository\com\github\Vatuu\discord-rpc\1.6.2\discord-rpc-1.6.2.jar;C:\Users\disd129108\.m2\repository\com\paulscode\codecjorbis\20101023\codecjorbis-20101023.jar;C:\Users\disd129108\.m2\repository\com\paulscode\codecwav\20101023\codecwav-20101023.jar;C:\Users\disd129108\.m2\repository\com\paulscode\libraryjavasound\20101123\libraryjavasound-20101123.jar;C:\Users\disd129108\.m2\repository\com\paulscode\soundsystem\20120107\soundsystem-20120107.jar;C:\Users\disd129108\Documents\GitHub\NekitoRecoded\libs\windows\lwjgl-glfw-natives-windows.jar;C:\Users\disd129108\Documents\GitHub\NekitoRecoded\libs\windows\lwjgl-natives-windows.jar;C:\Users\disd129108\Documents\GitHub\NekitoRecoded\libs\windows\lwjgl-openal-natives-windows.jar;C:\Users\disd129108\Documents\GitHub\NekitoRecoded\libs\windows\lwjgl-opengl-natives-windows.jar;C:\Users\disd129108\.m2\repository\org\lwjgl\lwjgl-openal\3.3.2\lwjgl-openal-3.3.2.jar;C:\Users\disd129108\.m2\repository\org\jetbrains\kotlin\kotlin-stdlib-common\1.9.0-RC\kotlin-stdlib-common-1.9.0-RC.jar;C:\Users\disd129108\.m2\repository\org\jetbrains\kotlin\kotlin-stdlib-jdk8\1.9.0-RC\kotlin-stdlib-jdk8-1.9.0-RC.jar;C:\Users\disd129108\.m2\re
Launcher Type: SUN_STANDARD

[Global flags]
     intx CICompilerCount                          = 12                                        {product} {ergonomic}
     uint ConcGCThreads                            = 5                                         {product} {ergonomic}
     uint G1ConcRefinementThreads                  = 20                                        {product} {ergonomic}
   size_t G1HeapRegionSize                         = 2097152                                   {product} {ergonomic}
    uintx GCDrainStackTargetSize                   = 64                                        {product} {ergonomic}
   size_t InitialHeapSize                          = 532676608                                 {product} {ergonomic}
   size_t MarkStackSize                            = 4194304                                   {product} {ergonomic}
   size_t MaxHeapSize                              = 8516534272                                {product} {ergonomic}
   size_t MaxNewSize                               = 5108662272                                {product} {ergonomic}
   size_t MinHeapDeltaBytes                        = 2097152                                   {product} {ergonomic}
    uintx NonNMethodCodeHeapSize                   = 7594288                                {pd product} {ergonomic}
    uintx NonProfiledCodeHeapSize                  = 122031976                              {pd product} {ergonomic}
    uintx ProfiledCodeHeapSize                     = 122031976                              {pd product} {ergonomic}
    uintx ReservedCodeCacheSize                    = 251658240                              {pd product} {ergonomic}
     bool SegmentedCodeCache                       = true                                      {product} {ergonomic}
     bool UseCompressedClassPointers               = true                                 {lp64_product} {ergonomic}
     bool UseCompressedOops                        = true                                 {lp64_product} {ergonomic}
     bool UseG1GC                                  = true                                      {product} {ergonomic}
     bool UseLargePagesIndividualAllocation        = false                                  {pd product} {ergonomic}

Logging:
Log output configuration:
 #0: stdout all=warning uptime,level,tags
 #1: stderr all=off uptime,level,tags

Environment Variables:
PATH=C:\WINDOWS\system32;C:\WINDOWS;C:\WINDOWS\System32\Wbem;C:\WINDOWS\System32\WindowsPowerShell\v1.0\;C:\WINDOWS\System32\OpenSSH\;C:\Program Files\Git\cmd;C:\Program Files\Microsoft SQL Server\150\Tools\Binn\;C:\Program Files\dotnet\;C:\Program Files (x86)\Windows Kits\10\Windows Performance Toolkit\;C:\Users\disd129108\AppData\Local\Microsoft\WindowsApps;
USERNAME=disd129108
OS=Windows_NT
PROCESSOR_IDENTIFIER=Intel64 Family 6 Model 183 Stepping 1, GenuineIntel



---------------  S Y S T E M  ---------------

OS: Windows 11 , 64 bit Build 26100 (10.0.26100.4768)
OS uptime: 0 days 1:33 hours
Hyper-V role detected

CPU:total 28 (initial active 28) (14 cores per cpu, 2 threads per core) family 6 model 183 stepping 1 microcode 0x12b, cmov, cx8, fxsr, mmx, sse, sse2, sse3, ssse3, sse4.1, sse4.2, popcnt, avx, avx2, aes, clmul, erms, 3dnowpref, lzcnt, ht, tsc, tscinvbit, bmi1, bmi2, adx, sha, fma

Memory: 4k page, system-wide physical 32486M (19257M free)
TotalPageFile size 37350M (AvailPageFile size 22168M)
current process WorkingSet (physical memory assigned to process): 572M, peak: 572M
current process commit charge ("private bytes"): 964M, peak: 964M

vm_info: Dynamic Code Evolution 64-Bit Server VM (11.0.16+8-b2043.64) for windows-amd64 JRE (11.0.16+8-b2043.64), built on Oct 19 2022 12:09:24 by "" with MS VC++ 14.0 (VS2015)

END.
